2022-12-23 19:37:03,942 INFO    StreamThr :26444 [internal.py:wandb_internal():90] W&B internal server running at pid: 26444, started at: 2022-12-23 19:37:03.938377
2022-12-23 19:37:03,946 DEBUG   HandlerThread:26444 [handler.py:handle_request():141] handle_request: status
2022-12-23 19:37:03,949 DEBUG   SenderThread:26444 [sender.py:send_request():316] send_request: status
2022-12-23 19:37:03,951 DEBUG   SenderThread:26444 [sender.py:send():302] send: header
2022-12-23 19:37:03,951 INFO    WriterThread:26444 [datastore.py:open_for_write():75] open: /Users/harrisonsu/Desktop/projects/spotifai/client/spotifai/spotifai/server/wandb/run-20221223_193703-2oyzreei/run-2oyzreei.wandb
2022-12-23 19:37:03,951 DEBUG   SenderThread:26444 [sender.py:send():302] send: run
2022-12-23 19:37:04,262 DEBUG   HandlerThread:26444 [handler.py:handle_request():141] handle_request: check_version
2022-12-23 19:37:04,269 INFO    SenderThread:26444 [dir_watcher.py:__init__():216] watching files in: /Users/harrisonsu/Desktop/projects/spotifai/client/spotifai/spotifai/server/wandb/run-20221223_193703-2oyzreei/files
2022-12-23 19:37:04,269 INFO    SenderThread:26444 [sender.py:_start_run_threads():913] run started: 2oyzreei with start time 1671853023.924441
2022-12-23 19:37:04,269 DEBUG   SenderThread:26444 [sender.py:send():302] send: summary
2022-12-23 19:37:04,269 INFO    SenderThread:26444 [sender.py:_save_file():1156] saving file wandb-summary.json with policy end
2022-12-23 19:37:04,270 DEBUG   SenderThread:26444 [sender.py:send_request():316] send_request: check_version
2022-12-23 19:37:04,455 DEBUG   HandlerThread:26444 [handler.py:handle_request():141] handle_request: run_start
2022-12-23 19:37:04,457 DEBUG   HandlerThread:26444 [meta.py:__init__():35] meta init
2022-12-23 19:37:04,457 DEBUG   HandlerThread:26444 [meta.py:__init__():50] meta init done
2022-12-23 19:37:04,457 DEBUG   HandlerThread:26444 [meta.py:probe():216] probe
2022-12-23 19:37:04,466 DEBUG   HandlerThread:26444 [meta.py:_setup_git():206] setup git
2022-12-23 19:37:04,494 DEBUG   HandlerThread:26444 [meta.py:_setup_git():213] setup git done
2022-12-23 19:37:04,495 DEBUG   HandlerThread:26444 [meta.py:_save_pip():54] save pip
2022-12-23 19:37:04,496 DEBUG   HandlerThread:26444 [meta.py:_save_pip():68] save pip done
2022-12-23 19:37:04,496 DEBUG   HandlerThread:26444 [meta.py:probe():254] probe done
2022-12-23 19:37:04,614 DEBUG   SenderThread:26444 [sender.py:send():302] send: files
2022-12-23 19:37:04,614 INFO    SenderThread:26444 [sender.py:_save_file():1156] saving file wandb-metadata.json with policy now
2022-12-23 19:37:04,616 DEBUG   HandlerThread:26444 [handler.py:handle_request():141] handle_request: stop_status
2022-12-23 19:37:04,617 DEBUG   SenderThread:26444 [sender.py:send_request():316] send_request: stop_status
2022-12-23 19:37:04,732 DEBUG   SenderThread:26444 [sender.py:send():302] send: telemetry
2022-12-23 19:37:05,140 INFO    Thread-16 :26444 [upload_job.py:push():138] Uploaded file /var/folders/bz/zvlrt29165v5tkbg6nkl30tr0000gn/T/tmpss8vidmvwandb/1bn6kbmm-wandb-metadata.json
2022-12-23 19:37:05,272 INFO    Thread-12 :26444 [dir_watcher.py:_on_file_created():275] file/dir created: /Users/harrisonsu/Desktop/projects/spotifai/client/spotifai/spotifai/server/wandb/run-20221223_193703-2oyzreei/files/wandb-summary.json
2022-12-23 19:37:05,273 INFO    Thread-12 :26444 [dir_watcher.py:_on_file_created():275] file/dir created: /Users/harrisonsu/Desktop/projects/spotifai/client/spotifai/spotifai/server/wandb/run-20221223_193703-2oyzreei/files/requirements.txt
2022-12-23 19:37:05,273 INFO    Thread-12 :26444 [dir_watcher.py:_on_file_created():275] file/dir created: /Users/harrisonsu/Desktop/projects/spotifai/client/spotifai/spotifai/server/wandb/run-20221223_193703-2oyzreei/files/wandb-metadata.json
2022-12-23 19:37:09,277 INFO    Thread-12 :26444 [dir_watcher.py:_on_file_created():275] file/dir created: /Users/harrisonsu/Desktop/projects/spotifai/client/spotifai/spotifai/server/wandb/run-20221223_193703-2oyzreei/files/output.log
2022-12-23 19:37:11,031 DEBUG   SenderThread:26444 [sender.py:send():302] send: telemetry
2022-12-23 19:37:11,283 INFO    Thread-12 :26444 [dir_watcher.py:_on_file_modified():292] file/dir modified: /Users/harrisonsu/Desktop/projects/spotifai/client/spotifai/spotifai/server/wandb/run-20221223_193703-2oyzreei/files/output.log
2022-12-23 19:37:13,290 INFO    Thread-12 :26444 [dir_watcher.py:_on_file_modified():292] file/dir modified: /Users/harrisonsu/Desktop/projects/spotifai/client/spotifai/spotifai/server/wandb/run-20221223_193703-2oyzreei/files/output.log
2022-12-23 19:37:19,858 DEBUG   HandlerThread:26444 [handler.py:handle_request():141] handle_request: stop_status
2022-12-23 19:37:19,861 DEBUG   SenderThread:26444 [sender.py:send_request():316] send_request: stop_status
2022-12-23 19:37:31,335 INFO    Thread-12 :26444 [dir_watcher.py:_on_file_modified():292] file/dir modified: /Users/harrisonsu/Desktop/projects/spotifai/client/spotifai/spotifai/server/wandb/run-20221223_193703-2oyzreei/files/output.log
2022-12-23 19:37:32,336 INFO    Thread-12 :26444 [dir_watcher.py:_on_file_modified():292] file/dir modified: /Users/harrisonsu/Desktop/projects/spotifai/client/spotifai/spotifai/server/wandb/run-20221223_193703-2oyzreei/files/output.log
2022-12-23 19:37:33,057 DEBUG   SenderThread:26444 [sender.py:send():302] send: stats
2022-12-23 19:37:34,347 INFO    Thread-12 :26444 [dir_watcher.py:_on_file_modified():292] file/dir modified: /Users/harrisonsu/Desktop/projects/spotifai/client/spotifai/spotifai/server/wandb/run-20221223_193703-2oyzreei/files/config.yaml
2022-12-23 19:37:35,023 DEBUG   HandlerThread:26444 [handler.py:handle_request():141] handle_request: stop_status
2022-12-23 19:37:35,024 DEBUG   SenderThread:26444 [sender.py:send_request():316] send_request: stop_status
2022-12-23 19:37:50,145 DEBUG   HandlerThread:26444 [handler.py:handle_request():141] handle_request: stop_status
2022-12-23 19:37:50,146 DEBUG   SenderThread:26444 [sender.py:send_request():316] send_request: stop_status
2022-12-23 19:38:03,891 DEBUG   SenderThread:26444 [sender.py:send():302] send: stats
2022-12-23 19:38:05,272 DEBUG   HandlerThread:26444 [handler.py:handle_request():141] handle_request: stop_status
2022-12-23 19:38:05,272 DEBUG   SenderThread:26444 [sender.py:send_request():316] send_request: stop_status
2022-12-23 19:38:20,398 DEBUG   HandlerThread:26444 [handler.py:handle_request():141] handle_request: stop_status
2022-12-23 19:38:20,399 DEBUG   SenderThread:26444 [sender.py:send_request():316] send_request: stop_status
2022-12-23 19:38:34,710 DEBUG   SenderThread:26444 [sender.py:send():302] send: stats
2022-12-23 19:38:35,512 DEBUG   HandlerThread:26444 [handler.py:handle_request():141] handle_request: stop_status
2022-12-23 19:38:35,513 DEBUG   SenderThread:26444 [sender.py:send_request():316] send_request: stop_status
2022-12-23 19:38:50,631 DEBUG   HandlerThread:26444 [handler.py:handle_request():141] handle_request: stop_status
2022-12-23 19:38:50,633 DEBUG   SenderThread:26444 [sender.py:send_request():316] send_request: stop_status
2022-12-23 19:39:05,519 DEBUG   SenderThread:26444 [sender.py:send():302] send: stats
2022-12-23 19:39:05,742 DEBUG   HandlerThread:26444 [handler.py:handle_request():141] handle_request: stop_status
2022-12-23 19:39:05,743 DEBUG   SenderThread:26444 [sender.py:send_request():316] send_request: stop_status
2022-12-23 19:39:20,882 DEBUG   HandlerThread:26444 [handler.py:handle_request():141] handle_request: stop_status
2022-12-23 19:39:20,884 DEBUG   SenderThread:26444 [sender.py:send_request():316] send_request: stop_status
2022-12-23 19:39:31,733 INFO    Thread-12 :26444 [dir_watcher.py:_on_file_modified():292] file/dir modified: /Users/harrisonsu/Desktop/projects/spotifai/client/spotifai/spotifai/server/wandb/run-20221223_193703-2oyzreei/files/output.log
2022-12-23 19:39:33,743 INFO    Thread-12 :26444 [dir_watcher.py:_on_file_modified():292] file/dir modified: /Users/harrisonsu/Desktop/projects/spotifai/client/spotifai/spotifai/server/wandb/run-20221223_193703-2oyzreei/files/output.log
2022-12-23 19:39:35,750 INFO    Thread-12 :26444 [dir_watcher.py:_on_file_modified():292] file/dir modified: /Users/harrisonsu/Desktop/projects/spotifai/client/spotifai/spotifai/server/wandb/run-20221223_193703-2oyzreei/files/output.log
2022-12-23 19:39:36,003 DEBUG   HandlerThread:26444 [handler.py:handle_request():141] handle_request: stop_status
2022-12-23 19:39:36,003 DEBUG   SenderThread:26444 [sender.py:send_request():316] send_request: stop_status
2022-12-23 19:39:36,319 DEBUG   SenderThread:26444 [sender.py:send():302] send: stats
2022-12-23 19:39:51,114 DEBUG   HandlerThread:26444 [handler.py:handle_request():141] handle_request: stop_status
2022-12-23 19:39:51,116 DEBUG   SenderThread:26444 [sender.py:send_request():316] send_request: stop_status
2022-12-23 19:40:06,232 DEBUG   HandlerThread:26444 [handler.py:handle_request():141] handle_request: stop_status
2022-12-23 19:40:06,232 DEBUG   SenderThread:26444 [sender.py:send_request():316] send_request: stop_status
2022-12-23 19:40:07,108 DEBUG   SenderThread:26444 [sender.py:send():302] send: stats
2022-12-23 19:40:21,368 DEBUG   HandlerThread:26444 [handler.py:handle_request():141] handle_request: stop_status
2022-12-23 19:40:21,370 DEBUG   SenderThread:26444 [sender.py:send_request():316] send_request: stop_status
2022-12-23 19:40:36,504 DEBUG   HandlerThread:26444 [handler.py:handle_request():141] handle_request: stop_status
2022-12-23 19:40:36,504 DEBUG   SenderThread:26444 [sender.py:send_request():316] send_request: stop_status
2022-12-23 19:40:37,770 DEBUG   SenderThread:26444 [sender.py:send():302] send: stats
2022-12-23 19:40:51,637 DEBUG   HandlerThread:26444 [handler.py:handle_request():141] handle_request: stop_status
2022-12-23 19:40:51,637 DEBUG   SenderThread:26444 [sender.py:send_request():316] send_request: stop_status
2022-12-23 19:41:06,759 DEBUG   HandlerThread:26444 [handler.py:handle_request():141] handle_request: stop_status
2022-12-23 19:41:06,760 DEBUG   SenderThread:26444 [sender.py:send_request():316] send_request: stop_status
2022-12-23 19:41:08,465 DEBUG   SenderThread:26444 [sender.py:send():302] send: stats
2022-12-23 19:41:21,877 DEBUG   HandlerThread:26444 [handler.py:handle_request():141] handle_request: stop_status
2022-12-23 19:41:21,878 DEBUG   SenderThread:26444 [sender.py:send_request():316] send_request: stop_status
2022-12-23 19:41:37,002 DEBUG   HandlerThread:26444 [handler.py:handle_request():141] handle_request: stop_status
2022-12-23 19:41:37,003 DEBUG   SenderThread:26444 [sender.py:send_request():316] send_request: stop_status
2022-12-23 19:41:39,151 DEBUG   SenderThread:26444 [sender.py:send():302] send: stats
2022-12-23 19:41:52,126 DEBUG   HandlerThread:26444 [handler.py:handle_request():141] handle_request: stop_status
2022-12-23 19:41:52,126 DEBUG   SenderThread:26444 [sender.py:send_request():316] send_request: stop_status
2022-12-23 19:42:07,267 DEBUG   HandlerThread:26444 [handler.py:handle_request():141] handle_request: stop_status
2022-12-23 19:42:07,268 DEBUG   SenderThread:26444 [sender.py:send_request():316] send_request: stop_status
2022-12-23 19:42:09,892 DEBUG   SenderThread:26444 [sender.py:send():302] send: stats
2022-12-23 19:42:22,381 DEBUG   HandlerThread:26444 [handler.py:handle_request():141] handle_request: stop_status
2022-12-23 19:42:22,383 DEBUG   SenderThread:26444 [sender.py:send_request():316] send_request: stop_status
2022-12-23 19:42:37,502 DEBUG   HandlerThread:26444 [handler.py:handle_request():141] handle_request: stop_status
2022-12-23 19:42:37,502 DEBUG   SenderThread:26444 [sender.py:send_request():316] send_request: stop_status
2022-12-23 19:42:40,566 DEBUG   SenderThread:26444 [sender.py:send():302] send: stats
2022-12-23 19:42:52,616 DEBUG   HandlerThread:26444 [handler.py:handle_request():141] handle_request: stop_status
2022-12-23 19:42:52,617 DEBUG   SenderThread:26444 [sender.py:send_request():316] send_request: stop_status
2022-12-23 19:43:07,733 DEBUG   HandlerThread:26444 [handler.py:handle_request():141] handle_request: stop_status
2022-12-23 19:43:07,734 DEBUG   SenderThread:26444 [sender.py:send_request():316] send_request: stop_status
2022-12-23 19:43:11,328 DEBUG   SenderThread:26444 [sender.py:send():302] send: stats
2022-12-23 19:43:22,879 DEBUG   HandlerThread:26444 [handler.py:handle_request():141] handle_request: stop_status
2022-12-23 19:43:22,879 DEBUG   SenderThread:26444 [sender.py:send_request():316] send_request: stop_status
2022-12-23 19:43:38,040 DEBUG   HandlerThread:26444 [handler.py:handle_request():141] handle_request: stop_status
2022-12-23 19:43:38,040 DEBUG   SenderThread:26444 [sender.py:send_request():316] send_request: stop_status
2022-12-23 19:43:42,002 DEBUG   SenderThread:26444 [sender.py:send():302] send: stats
2022-12-23 19:43:53,166 DEBUG   HandlerThread:26444 [handler.py:handle_request():141] handle_request: stop_status
2022-12-23 19:43:53,166 DEBUG   SenderThread:26444 [sender.py:send_request():316] send_request: stop_status
2022-12-23 19:44:08,289 DEBUG   HandlerThread:26444 [handler.py:handle_request():141] handle_request: stop_status
2022-12-23 19:44:08,289 DEBUG   SenderThread:26444 [sender.py:send_request():316] send_request: stop_status
2022-12-23 19:44:12,677 DEBUG   SenderThread:26444 [sender.py:send():302] send: stats
2022-12-23 19:44:23,401 DEBUG   HandlerThread:26444 [handler.py:handle_request():141] handle_request: stop_status
2022-12-23 19:44:23,401 DEBUG   SenderThread:26444 [sender.py:send_request():316] send_request: stop_status
2022-12-23 19:44:38,515 DEBUG   HandlerThread:26444 [handler.py:handle_request():141] handle_request: stop_status
2022-12-23 19:44:38,516 DEBUG   SenderThread:26444 [sender.py:send_request():316] send_request: stop_status
2022-12-23 19:44:43,386 DEBUG   SenderThread:26444 [sender.py:send():302] send: stats
2022-12-23 19:44:53,628 DEBUG   HandlerThread:26444 [handler.py:handle_request():141] handle_request: stop_status
2022-12-23 19:44:53,628 DEBUG   SenderThread:26444 [sender.py:send_request():316] send_request: stop_status
2022-12-23 19:45:08,750 DEBUG   HandlerThread:26444 [handler.py:handle_request():141] handle_request: stop_status
2022-12-23 19:45:08,750 DEBUG   SenderThread:26444 [sender.py:send_request():316] send_request: stop_status
2022-12-23 19:45:14,136 DEBUG   SenderThread:26444 [sender.py:send():302] send: stats
2022-12-23 19:45:23,880 DEBUG   HandlerThread:26444 [handler.py:handle_request():141] handle_request: stop_status
2022-12-23 19:45:23,880 DEBUG   SenderThread:26444 [sender.py:send_request():316] send_request: stop_status
2022-12-23 19:45:39,002 DEBUG   HandlerThread:26444 [handler.py:handle_request():141] handle_request: stop_status
2022-12-23 19:45:39,003 DEBUG   SenderThread:26444 [sender.py:send_request():316] send_request: stop_status
2022-12-23 19:45:45,050 DEBUG   SenderThread:26444 [sender.py:send():302] send: stats
2022-12-23 19:45:54,137 DEBUG   HandlerThread:26444 [handler.py:handle_request():141] handle_request: stop_status
2022-12-23 19:45:54,137 DEBUG   SenderThread:26444 [sender.py:send_request():316] send_request: stop_status
2022-12-23 19:46:09,251 DEBUG   HandlerThread:26444 [handler.py:handle_request():141] handle_request: stop_status
2022-12-23 19:46:09,251 DEBUG   SenderThread:26444 [sender.py:send_request():316] send_request: stop_status
2022-12-23 19:46:16,651 DEBUG   SenderThread:26444 [sender.py:send():302] send: stats
2022-12-23 19:46:24,375 DEBUG   HandlerThread:26444 [handler.py:handle_request():141] handle_request: stop_status
2022-12-23 19:46:24,375 DEBUG   SenderThread:26444 [sender.py:send_request():316] send_request: stop_status
2022-12-23 19:46:39,505 DEBUG   HandlerThread:26444 [handler.py:handle_request():141] handle_request: stop_status
2022-12-23 19:46:39,506 DEBUG   SenderThread:26444 [sender.py:send_request():316] send_request: stop_status
2022-12-23 19:46:48,101 DEBUG   SenderThread:26444 [sender.py:send():302] send: stats
2022-12-23 19:46:54,630 DEBUG   HandlerThread:26444 [handler.py:handle_request():141] handle_request: stop_status
2022-12-23 19:46:54,631 DEBUG   SenderThread:26444 [sender.py:send_request():316] send_request: stop_status
2022-12-23 19:47:09,774 DEBUG   HandlerThread:26444 [handler.py:handle_request():141] handle_request: stop_status
2022-12-23 19:47:09,776 DEBUG   SenderThread:26444 [sender.py:send_request():316] send_request: stop_status
2022-12-23 19:47:19,556 DEBUG   SenderThread:26444 [sender.py:send():302] send: stats
2022-12-23 19:47:24,893 DEBUG   HandlerThread:26444 [handler.py:handle_request():141] handle_request: stop_status
2022-12-23 19:47:24,893 DEBUG   SenderThread:26444 [sender.py:send_request():316] send_request: stop_status
2022-12-23 19:47:40,008 DEBUG   HandlerThread:26444 [handler.py:handle_request():141] handle_request: stop_status
2022-12-23 19:47:40,009 DEBUG   SenderThread:26444 [sender.py:send_request():316] send_request: stop_status
2022-12-23 19:47:51,056 DEBUG   SenderThread:26444 [sender.py:send():302] send: stats
2022-12-23 19:47:55,156 DEBUG   HandlerThread:26444 [handler.py:handle_request():141] handle_request: stop_status
2022-12-23 19:47:55,157 DEBUG   SenderThread:26444 [sender.py:send_request():316] send_request: stop_status
2022-12-23 19:48:10,313 DEBUG   HandlerThread:26444 [handler.py:handle_request():141] handle_request: stop_status
2022-12-23 19:48:10,314 DEBUG   SenderThread:26444 [sender.py:send_request():316] send_request: stop_status
2022-12-23 19:48:22,577 DEBUG   SenderThread:26444 [sender.py:send():302] send: stats
2022-12-23 19:48:25,438 DEBUG   HandlerThread:26444 [handler.py:handle_request():141] handle_request: stop_status
2022-12-23 19:48:25,439 DEBUG   SenderThread:26444 [sender.py:send_request():316] send_request: stop_status
2022-12-23 19:48:40,593 DEBUG   HandlerThread:26444 [handler.py:handle_request():141] handle_request: stop_status
2022-12-23 19:48:40,594 DEBUG   SenderThread:26444 [sender.py:send_request():316] send_request: stop_status
2022-12-23 19:48:54,111 DEBUG   SenderThread:26444 [sender.py:send():302] send: stats
2022-12-23 19:48:55,797 DEBUG   HandlerThread:26444 [handler.py:handle_request():141] handle_request: stop_status
2022-12-23 19:48:55,797 DEBUG   SenderThread:26444 [sender.py:send_request():316] send_request: stop_status
2022-12-23 19:49:10,921 DEBUG   HandlerThread:26444 [handler.py:handle_request():141] handle_request: stop_status
2022-12-23 19:49:10,922 DEBUG   SenderThread:26444 [sender.py:send_request():316] send_request: stop_status
2022-12-23 19:49:25,611 DEBUG   SenderThread:26444 [sender.py:send():302] send: stats
2022-12-23 19:49:26,056 DEBUG   HandlerThread:26444 [handler.py:handle_request():141] handle_request: stop_status
2022-12-23 19:49:26,057 DEBUG   SenderThread:26444 [sender.py:send_request():316] send_request: stop_status
2022-12-23 19:49:41,178 DEBUG   HandlerThread:26444 [handler.py:handle_request():141] handle_request: stop_status
2022-12-23 19:49:41,179 DEBUG   SenderThread:26444 [sender.py:send_request():316] send_request: stop_status
2022-12-23 19:49:48,384 INFO    Thread-12 :26444 [dir_watcher.py:_on_file_modified():292] file/dir modified: /Users/harrisonsu/Desktop/projects/spotifai/client/spotifai/spotifai/server/wandb/run-20221223_193703-2oyzreei/files/output.log
2022-12-23 19:49:56,325 DEBUG   HandlerThread:26444 [handler.py:handle_request():141] handle_request: stop_status
2022-12-23 19:49:56,326 DEBUG   SenderThread:26444 [sender.py:send_request():316] send_request: stop_status
2022-12-23 19:49:57,250 DEBUG   SenderThread:26444 [sender.py:send():302] send: stats
2022-12-23 19:50:11,456 DEBUG   HandlerThread:26444 [handler.py:handle_request():141] handle_request: stop_status
2022-12-23 19:50:11,457 DEBUG   SenderThread:26444 [sender.py:send_request():316] send_request: stop_status
2022-12-23 19:50:26,586 DEBUG   HandlerThread:26444 [handler.py:handle_request():141] handle_request: stop_status
2022-12-23 19:50:26,586 DEBUG   SenderThread:26444 [sender.py:send_request():316] send_request: stop_status
2022-12-23 19:50:28,967 DEBUG   SenderThread:26444 [sender.py:send():302] send: stats
2022-12-23 19:50:41,787 DEBUG   HandlerThread:26444 [handler.py:handle_request():141] handle_request: stop_status
2022-12-23 19:50:41,787 DEBUG   SenderThread:26444 [sender.py:send_request():316] send_request: stop_status
2022-12-23 19:50:56,912 DEBUG   HandlerThread:26444 [handler.py:handle_request():141] handle_request: stop_status
2022-12-23 19:50:56,914 DEBUG   SenderThread:26444 [sender.py:send_request():316] send_request: stop_status
2022-12-23 19:51:00,770 DEBUG   SenderThread:26444 [sender.py:send():302] send: stats
2022-12-23 19:51:12,033 DEBUG   HandlerThread:26444 [handler.py:handle_request():141] handle_request: stop_status
2022-12-23 19:51:12,033 DEBUG   SenderThread:26444 [sender.py:send_request():316] send_request: stop_status
2022-12-23 19:51:27,151 DEBUG   HandlerThread:26444 [handler.py:handle_request():141] handle_request: stop_status
2022-12-23 19:51:27,152 DEBUG   SenderThread:26444 [sender.py:send_request():316] send_request: stop_status
2022-12-23 19:51:32,450 DEBUG   SenderThread:26444 [sender.py:send():302] send: stats
2022-12-23 19:51:42,265 DEBUG   HandlerThread:26444 [handler.py:handle_request():141] handle_request: stop_status
2022-12-23 19:51:42,266 DEBUG   SenderThread:26444 [sender.py:send_request():316] send_request: stop_status
2022-12-23 19:51:57,399 DEBUG   HandlerThread:26444 [handler.py:handle_request():141] handle_request: stop_status
2022-12-23 19:51:57,399 DEBUG   SenderThread:26444 [sender.py:send_request():316] send_request: stop_status
2022-12-23 19:52:04,189 DEBUG   SenderThread:26444 [sender.py:send():302] send: stats
2022-12-23 19:52:12,529 DEBUG   HandlerThread:26444 [handler.py:handle_request():141] handle_request: stop_status
2022-12-23 19:52:12,529 DEBUG   SenderThread:26444 [sender.py:send_request():316] send_request: stop_status
2022-12-23 19:52:27,638 DEBUG   HandlerThread:26444 [handler.py:handle_request():141] handle_request: stop_status
2022-12-23 19:52:27,639 DEBUG   SenderThread:26444 [sender.py:send_request():316] send_request: stop_status
2022-12-23 19:52:35,859 DEBUG   SenderThread:26444 [sender.py:send():302] send: stats
2022-12-23 19:52:42,763 DEBUG   HandlerThread:26444 [handler.py:handle_request():141] handle_request: stop_status
2022-12-23 19:52:42,764 DEBUG   SenderThread:26444 [sender.py:send_request():316] send_request: stop_status
2022-12-23 19:52:57,889 DEBUG   HandlerThread:26444 [handler.py:handle_request():141] handle_request: stop_status
2022-12-23 19:52:57,889 DEBUG   SenderThread:26444 [sender.py:send_request():316] send_request: stop_status
2022-12-23 19:53:07,250 DEBUG   SenderThread:26444 [sender.py:send():302] send: stats
2022-12-23 19:53:13,003 DEBUG   HandlerThread:26444 [handler.py:handle_request():141] handle_request: stop_status
2022-12-23 19:53:13,004 DEBUG   SenderThread:26444 [sender.py:send_request():316] send_request: stop_status
2022-12-23 19:53:28,123 DEBUG   HandlerThread:26444 [handler.py:handle_request():141] handle_request: stop_status
2022-12-23 19:53:28,124 DEBUG   SenderThread:26444 [sender.py:send_request():316] send_request: stop_status
2022-12-23 19:53:37,947 DEBUG   SenderThread:26444 [sender.py:send():302] send: stats
2022-12-23 19:53:43,242 DEBUG   HandlerThread:26444 [handler.py:handle_request():141] handle_request: stop_status
2022-12-23 19:53:43,243 DEBUG   SenderThread:26444 [sender.py:send_request():316] send_request: stop_status
2022-12-23 19:53:58,377 DEBUG   HandlerThread:26444 [handler.py:handle_request():141] handle_request: stop_status
2022-12-23 19:53:58,380 DEBUG   SenderThread:26444 [sender.py:send_request():316] send_request: stop_status
2022-12-23 19:54:08,723 DEBUG   SenderThread:26444 [sender.py:send():302] send: stats
2022-12-23 19:54:13,500 DEBUG   HandlerThread:26444 [handler.py:handle_request():141] handle_request: stop_status
2022-12-23 19:54:13,500 DEBUG   SenderThread:26444 [sender.py:send_request():316] send_request: stop_status
2022-12-23 19:54:28,646 DEBUG   HandlerThread:26444 [handler.py:handle_request():141] handle_request: stop_status
2022-12-23 19:54:28,648 DEBUG   SenderThread:26444 [sender.py:send_request():316] send_request: stop_status
2022-12-23 19:54:39,555 DEBUG   SenderThread:26444 [sender.py:send():302] send: stats
2022-12-23 19:54:43,766 DEBUG   HandlerThread:26444 [handler.py:handle_request():141] handle_request: stop_status
2022-12-23 19:54:43,767 DEBUG   SenderThread:26444 [sender.py:send_request():316] send_request: stop_status
2022-12-23 19:54:58,880 DEBUG   HandlerThread:26444 [handler.py:handle_request():141] handle_request: stop_status
2022-12-23 19:54:58,881 DEBUG   SenderThread:26444 [sender.py:send_request():316] send_request: stop_status
2022-12-23 19:55:10,312 DEBUG   SenderThread:26444 [sender.py:send():302] send: stats
2022-12-23 19:55:14,015 DEBUG   HandlerThread:26444 [handler.py:handle_request():141] handle_request: stop_status
2022-12-23 19:55:14,015 DEBUG   SenderThread:26444 [sender.py:send_request():316] send_request: stop_status
2022-12-23 19:55:29,146 DEBUG   HandlerThread:26444 [handler.py:handle_request():141] handle_request: stop_status
2022-12-23 19:55:29,146 DEBUG   SenderThread:26444 [sender.py:send_request():316] send_request: stop_status
2022-12-23 19:55:41,099 DEBUG   SenderThread:26444 [sender.py:send():302] send: stats
2022-12-23 19:55:44,267 DEBUG   HandlerThread:26444 [handler.py:handle_request():141] handle_request: stop_status
2022-12-23 19:55:44,267 DEBUG   SenderThread:26444 [sender.py:send_request():316] send_request: stop_status
2022-12-23 19:55:59,422 DEBUG   HandlerThread:26444 [handler.py:handle_request():141] handle_request: stop_status
2022-12-23 19:55:59,423 DEBUG   SenderThread:26444 [sender.py:send_request():316] send_request: stop_status
2022-12-23 19:56:11,864 DEBUG   SenderThread:26444 [sender.py:send():302] send: stats
2022-12-23 19:56:14,536 DEBUG   HandlerThread:26444 [handler.py:handle_request():141] handle_request: stop_status
2022-12-23 19:56:14,536 DEBUG   SenderThread:26444 [sender.py:send_request():316] send_request: stop_status
2022-12-23 19:56:29,667 DEBUG   HandlerThread:26444 [handler.py:handle_request():141] handle_request: stop_status
2022-12-23 19:56:29,667 DEBUG   SenderThread:26444 [sender.py:send_request():316] send_request: stop_status
2022-12-23 19:56:42,652 DEBUG   SenderThread:26444 [sender.py:send():302] send: stats
2022-12-23 19:56:44,785 DEBUG   HandlerThread:26444 [handler.py:handle_request():141] handle_request: stop_status
2022-12-23 19:56:44,785 DEBUG   SenderThread:26444 [sender.py:send_request():316] send_request: stop_status
2022-12-23 19:56:59,921 DEBUG   HandlerThread:26444 [handler.py:handle_request():141] handle_request: stop_status
2022-12-23 19:56:59,923 DEBUG   SenderThread:26444 [sender.py:send_request():316] send_request: stop_status
2022-12-23 19:57:13,492 DEBUG   SenderThread:26444 [sender.py:send():302] send: stats
2022-12-23 19:57:15,068 DEBUG   HandlerThread:26444 [handler.py:handle_request():141] handle_request: stop_status
2022-12-23 19:57:15,068 DEBUG   SenderThread:26444 [sender.py:send_request():316] send_request: stop_status
2022-12-23 19:57:30,183 DEBUG   HandlerThread:26444 [handler.py:handle_request():141] handle_request: stop_status
2022-12-23 19:57:30,184 DEBUG   SenderThread:26444 [sender.py:send_request():316] send_request: stop_status
2022-12-23 19:57:44,362 DEBUG   SenderThread:26444 [sender.py:send():302] send: stats
2022-12-23 19:57:45,314 DEBUG   HandlerThread:26444 [handler.py:handle_request():141] handle_request: stop_status
2022-12-23 19:57:45,314 DEBUG   SenderThread:26444 [sender.py:send_request():316] send_request: stop_status
2022-12-23 19:58:00,430 DEBUG   HandlerThread:26444 [handler.py:handle_request():141] handle_request: stop_status
2022-12-23 19:58:00,431 DEBUG   SenderThread:26444 [sender.py:send_request():316] send_request: stop_status
2022-12-23 19:58:15,188 DEBUG   SenderThread:26444 [sender.py:send():302] send: stats
2022-12-23 19:58:15,543 DEBUG   HandlerThread:26444 [handler.py:handle_request():141] handle_request: stop_status
2022-12-23 19:58:15,543 DEBUG   SenderThread:26444 [sender.py:send_request():316] send_request: stop_status
2022-12-23 19:58:30,658 DEBUG   HandlerThread:26444 [handler.py:handle_request():141] handle_request: stop_status
2022-12-23 19:58:30,659 DEBUG   SenderThread:26444 [sender.py:send_request():316] send_request: stop_status
2022-12-23 19:58:45,774 DEBUG   HandlerThread:26444 [handler.py:handle_request():141] handle_request: stop_status
2022-12-23 19:58:45,774 DEBUG   SenderThread:26444 [sender.py:send_request():316] send_request: stop_status
2022-12-23 19:58:46,044 DEBUG   SenderThread:26444 [sender.py:send():302] send: stats
2022-12-23 19:59:00,887 DEBUG   HandlerThread:26444 [handler.py:handle_request():141] handle_request: stop_status
2022-12-23 19:59:00,888 DEBUG   SenderThread:26444 [sender.py:send_request():316] send_request: stop_status
2022-12-23 19:59:16,009 DEBUG   HandlerThread:26444 [handler.py:handle_request():141] handle_request: stop_status
2022-12-23 19:59:16,010 DEBUG   SenderThread:26444 [sender.py:send_request():316] send_request: stop_status
2022-12-23 19:59:16,778 DEBUG   SenderThread:26444 [sender.py:send():302] send: stats
2022-12-23 19:59:31,151 DEBUG   HandlerThread:26444 [handler.py:handle_request():141] handle_request: stop_status
2022-12-23 19:59:31,153 DEBUG   SenderThread:26444 [sender.py:send_request():316] send_request: stop_status
2022-12-23 19:59:46,284 DEBUG   HandlerThread:26444 [handler.py:handle_request():141] handle_request: stop_status
2022-12-23 19:59:46,285 DEBUG   SenderThread:26444 [sender.py:send_request():316] send_request: stop_status
2022-12-23 19:59:47,572 DEBUG   SenderThread:26444 [sender.py:send():302] send: stats
2022-12-23 20:00:01,394 DEBUG   HandlerThread:26444 [handler.py:handle_request():141] handle_request: stop_status
2022-12-23 20:00:01,396 DEBUG   SenderThread:26444 [sender.py:send_request():316] send_request: stop_status
2022-12-23 20:00:16,518 DEBUG   HandlerThread:26444 [handler.py:handle_request():141] handle_request: stop_status
2022-12-23 20:00:16,518 DEBUG   SenderThread:26444 [sender.py:send_request():316] send_request: stop_status
2022-12-23 20:00:18,442 DEBUG   SenderThread:26444 [sender.py:send():302] send: stats
2022-12-23 20:00:31,639 DEBUG   HandlerThread:26444 [handler.py:handle_request():141] handle_request: stop_status
2022-12-23 20:00:31,640 DEBUG   SenderThread:26444 [sender.py:send_request():316] send_request: stop_status
2022-12-23 20:00:46,765 DEBUG   HandlerThread:26444 [handler.py:handle_request():141] handle_request: stop_status
2022-12-23 20:00:46,768 DEBUG   SenderThread:26444 [sender.py:send_request():316] send_request: stop_status
2022-12-23 20:00:49,320 DEBUG   SenderThread:26444 [sender.py:send():302] send: stats
2022-12-23 20:01:01,877 DEBUG   HandlerThread:26444 [handler.py:handle_request():141] handle_request: stop_status
2022-12-23 20:01:01,877 DEBUG   SenderThread:26444 [sender.py:send_request():316] send_request: stop_status
2022-12-23 20:01:17,032 DEBUG   HandlerThread:26444 [handler.py:handle_request():141] handle_request: stop_status
2022-12-23 20:01:17,034 DEBUG   SenderThread:26444 [sender.py:send_request():316] send_request: stop_status
2022-12-23 20:01:20,202 DEBUG   SenderThread:26444 [sender.py:send():302] send: stats
2022-12-23 20:01:32,194 DEBUG   HandlerThread:26444 [handler.py:handle_request():141] handle_request: stop_status
2022-12-23 20:01:32,197 DEBUG   SenderThread:26444 [sender.py:send_request():316] send_request: stop_status
2022-12-23 20:01:47,331 DEBUG   HandlerThread:26444 [handler.py:handle_request():141] handle_request: stop_status
2022-12-23 20:01:47,334 DEBUG   SenderThread:26444 [sender.py:send_request():316] send_request: stop_status
2022-12-23 20:01:51,070 DEBUG   SenderThread:26444 [sender.py:send():302] send: stats
2022-12-23 20:02:02,452 DEBUG   HandlerThread:26444 [handler.py:handle_request():141] handle_request: stop_status
2022-12-23 20:02:02,452 DEBUG   SenderThread:26444 [sender.py:send_request():316] send_request: stop_status
2022-12-23 20:02:17,718 DEBUG   HandlerThread:26444 [handler.py:handle_request():141] handle_request: stop_status
2022-12-23 20:02:17,719 DEBUG   SenderThread:26444 [sender.py:send_request():316] send_request: stop_status
2022-12-23 20:02:21,898 DEBUG   SenderThread:26444 [sender.py:send():302] send: stats
2022-12-23 20:02:32,883 DEBUG   HandlerThread:26444 [handler.py:handle_request():141] handle_request: stop_status
2022-12-23 20:02:32,884 DEBUG   SenderThread:26444 [sender.py:send_request():316] send_request: stop_status
2022-12-23 20:02:48,122 DEBUG   HandlerThread:26444 [handler.py:handle_request():141] handle_request: stop_status
2022-12-23 20:02:48,122 DEBUG   SenderThread:26444 [sender.py:send_request():316] send_request: stop_status
2022-12-23 20:02:52,629 DEBUG   SenderThread:26444 [sender.py:send():302] send: stats
2022-12-23 20:03:03,350 DEBUG   HandlerThread:26444 [handler.py:handle_request():141] handle_request: stop_status
2022-12-23 20:03:03,352 DEBUG   SenderThread:26444 [sender.py:send_request():316] send_request: stop_status
2022-12-23 20:03:18,485 DEBUG   HandlerThread:26444 [handler.py:handle_request():141] handle_request: stop_status
2022-12-23 20:03:18,487 DEBUG   SenderThread:26444 [sender.py:send_request():316] send_request: stop_status
2022-12-23 20:03:23,487 DEBUG   SenderThread:26444 [sender.py:send():302] send: stats
2022-12-23 20:03:33,685 DEBUG   HandlerThread:26444 [handler.py:handle_request():141] handle_request: stop_status
2022-12-23 20:03:33,686 DEBUG   SenderThread:26444 [sender.py:send_request():316] send_request: stop_status
2022-12-23 20:03:48,873 DEBUG   HandlerThread:26444 [handler.py:handle_request():141] handle_request: stop_status
2022-12-23 20:03:48,875 DEBUG   SenderThread:26444 [sender.py:send_request():316] send_request: stop_status
2022-12-23 20:03:54,373 DEBUG   SenderThread:26444 [sender.py:send():302] send: stats
2022-12-23 20:04:04,089 DEBUG   HandlerThread:26444 [handler.py:handle_request():141] handle_request: stop_status
2022-12-23 20:04:04,090 DEBUG   SenderThread:26444 [sender.py:send_request():316] send_request: stop_status
2022-12-23 20:04:19,241 DEBUG   HandlerThread:26444 [handler.py:handle_request():141] handle_request: stop_status
2022-12-23 20:04:19,241 DEBUG   SenderThread:26444 [sender.py:send_request():316] send_request: stop_status
2022-12-23 20:04:25,188 DEBUG   SenderThread:26444 [sender.py:send():302] send: stats
2022-12-23 20:04:34,361 DEBUG   HandlerThread:26444 [handler.py:handle_request():141] handle_request: stop_status
2022-12-23 20:04:34,362 DEBUG   SenderThread:26444 [sender.py:send_request():316] send_request: stop_status
2022-12-23 20:04:49,484 DEBUG   HandlerThread:26444 [handler.py:handle_request():141] handle_request: stop_status
2022-12-23 20:04:49,484 DEBUG   SenderThread:26444 [sender.py:send_request():316] send_request: stop_status
2022-12-23 20:04:56,017 DEBUG   SenderThread:26444 [sender.py:send():302] send: stats
2022-12-23 20:05:04,591 DEBUG   HandlerThread:26444 [handler.py:handle_request():141] handle_request: stop_status
2022-12-23 20:05:04,591 DEBUG   SenderThread:26444 [sender.py:send_request():316] send_request: stop_status
2022-12-23 20:05:19,712 DEBUG   HandlerThread:26444 [handler.py:handle_request():141] handle_request: stop_status
2022-12-23 20:05:19,712 DEBUG   SenderThread:26444 [sender.py:send_request():316] send_request: stop_status
2022-12-23 20:05:26,817 DEBUG   SenderThread:26444 [sender.py:send():302] send: stats
2022-12-23 20:05:34,820 DEBUG   HandlerThread:26444 [handler.py:handle_request():141] handle_request: stop_status
2022-12-23 20:05:34,821 DEBUG   SenderThread:26444 [sender.py:send_request():316] send_request: stop_status
2022-12-23 20:05:49,926 DEBUG   HandlerThread:26444 [handler.py:handle_request():141] handle_request: stop_status
2022-12-23 20:05:49,927 DEBUG   SenderThread:26444 [sender.py:send_request():316] send_request: stop_status
2022-12-23 20:05:57,584 DEBUG   SenderThread:26444 [sender.py:send():302] send: stats
2022-12-23 20:06:05,041 DEBUG   HandlerThread:26444 [handler.py:handle_request():141] handle_request: stop_status
2022-12-23 20:06:05,041 DEBUG   SenderThread:26444 [sender.py:send_request():316] send_request: stop_status
2022-12-23 20:06:20,161 DEBUG   HandlerThread:26444 [handler.py:handle_request():141] handle_request: stop_status
2022-12-23 20:06:20,162 DEBUG   SenderThread:26444 [sender.py:send_request():316] send_request: stop_status
2022-12-23 20:06:28,323 DEBUG   SenderThread:26444 [sender.py:send():302] send: stats
2022-12-23 20:06:35,283 DEBUG   HandlerThread:26444 [handler.py:handle_request():141] handle_request: stop_status
2022-12-23 20:06:35,284 DEBUG   SenderThread:26444 [sender.py:send_request():316] send_request: stop_status
2022-12-23 20:06:50,403 DEBUG   HandlerThread:26444 [handler.py:handle_request():141] handle_request: stop_status
2022-12-23 20:06:50,404 DEBUG   SenderThread:26444 [sender.py:send_request():316] send_request: stop_status
2022-12-23 20:06:59,195 DEBUG   SenderThread:26444 [sender.py:send():302] send: stats
2022-12-23 20:07:05,543 DEBUG   HandlerThread:26444 [handler.py:handle_request():141] handle_request: stop_status
2022-12-23 20:07:05,543 DEBUG   SenderThread:26444 [sender.py:send_request():316] send_request: stop_status
2022-12-23 20:07:20,678 DEBUG   HandlerThread:26444 [handler.py:handle_request():141] handle_request: stop_status
2022-12-23 20:07:20,680 DEBUG   SenderThread:26444 [sender.py:send_request():316] send_request: stop_status
2022-12-23 20:07:29,991 DEBUG   SenderThread:26444 [sender.py:send():302] send: stats
2022-12-23 20:07:35,804 DEBUG   HandlerThread:26444 [handler.py:handle_request():141] handle_request: stop_status
2022-12-23 20:07:35,804 DEBUG   SenderThread:26444 [sender.py:send_request():316] send_request: stop_status
2022-12-23 20:07:50,919 DEBUG   HandlerThread:26444 [handler.py:handle_request():141] handle_request: stop_status
2022-12-23 20:07:50,921 DEBUG   SenderThread:26444 [sender.py:send_request():316] send_request: stop_status
2022-12-23 20:08:00,744 DEBUG   SenderThread:26444 [sender.py:send():302] send: stats
2022-12-23 20:08:06,049 DEBUG   HandlerThread:26444 [handler.py:handle_request():141] handle_request: stop_status
2022-12-23 20:08:06,050 DEBUG   SenderThread:26444 [sender.py:send_request():316] send_request: stop_status
2022-12-23 20:08:21,160 DEBUG   HandlerThread:26444 [handler.py:handle_request():141] handle_request: stop_status
2022-12-23 20:08:21,162 DEBUG   SenderThread:26444 [sender.py:send_request():316] send_request: stop_status
2022-12-23 20:08:31,475 DEBUG   SenderThread:26444 [sender.py:send():302] send: stats
2022-12-23 20:08:36,306 DEBUG   HandlerThread:26444 [handler.py:handle_request():141] handle_request: stop_status
2022-12-23 20:08:36,307 DEBUG   SenderThread:26444 [sender.py:send_request():316] send_request: stop_status
2022-12-23 20:08:51,422 DEBUG   HandlerThread:26444 [handler.py:handle_request():141] handle_request: stop_status
2022-12-23 20:08:51,423 DEBUG   SenderThread:26444 [sender.py:send_request():316] send_request: stop_status
2022-12-23 20:09:02,228 DEBUG   SenderThread:26444 [sender.py:send():302] send: stats
2022-12-23 20:09:06,555 DEBUG   HandlerThread:26444 [handler.py:handle_request():141] handle_request: stop_status
2022-12-23 20:09:06,556 DEBUG   SenderThread:26444 [sender.py:send_request():316] send_request: stop_status
2022-12-23 20:09:21,679 DEBUG   HandlerThread:26444 [handler.py:handle_request():141] handle_request: stop_status
2022-12-23 20:09:21,679 DEBUG   SenderThread:26444 [sender.py:send_request():316] send_request: stop_status
2022-12-23 20:09:33,031 DEBUG   SenderThread:26444 [sender.py:send():302] send: stats
2022-12-23 20:09:36,797 DEBUG   HandlerThread:26444 [handler.py:handle_request():141] handle_request: stop_status
2022-12-23 20:09:36,797 DEBUG   SenderThread:26444 [sender.py:send_request():316] send_request: stop_status
2022-12-23 20:09:51,922 DEBUG   HandlerThread:26444 [handler.py:handle_request():141] handle_request: stop_status
2022-12-23 20:09:51,922 DEBUG   SenderThread:26444 [sender.py:send_request():316] send_request: stop_status
2022-12-23 20:10:03,764 DEBUG   SenderThread:26444 [sender.py:send():302] send: stats
2022-12-23 20:10:07,040 DEBUG   HandlerThread:26444 [handler.py:handle_request():141] handle_request: stop_status
2022-12-23 20:10:07,040 DEBUG   SenderThread:26444 [sender.py:send_request():316] send_request: stop_status
2022-12-23 20:10:22,155 DEBUG   HandlerThread:26444 [handler.py:handle_request():141] handle_request: stop_status
2022-12-23 20:10:22,155 DEBUG   SenderThread:26444 [sender.py:send_request():316] send_request: stop_status
2022-12-23 20:10:34,558 DEBUG   SenderThread:26444 [sender.py:send():302] send: stats
2022-12-23 20:10:37,286 DEBUG   HandlerThread:26444 [handler.py:handle_request():141] handle_request: stop_status
2022-12-23 20:10:37,286 DEBUG   SenderThread:26444 [sender.py:send_request():316] send_request: stop_status
2022-12-23 20:10:52,412 DEBUG   HandlerThread:26444 [handler.py:handle_request():141] handle_request: stop_status
2022-12-23 20:10:52,428 DEBUG   SenderThread:26444 [sender.py:send_request():316] send_request: stop_status
2022-12-23 20:11:05,273 DEBUG   SenderThread:26444 [sender.py:send():302] send: stats
2022-12-23 20:11:07,556 DEBUG   HandlerThread:26444 [handler.py:handle_request():141] handle_request: stop_status
2022-12-23 20:11:07,556 DEBUG   SenderThread:26444 [sender.py:send_request():316] send_request: stop_status
2022-12-23 20:11:22,683 DEBUG   HandlerThread:26444 [handler.py:handle_request():141] handle_request: stop_status
2022-12-23 20:11:22,684 DEBUG   SenderThread:26444 [sender.py:send_request():316] send_request: stop_status
2022-12-23 20:11:36,025 DEBUG   SenderThread:26444 [sender.py:send():302] send: stats
2022-12-23 20:11:37,798 DEBUG   HandlerThread:26444 [handler.py:handle_request():141] handle_request: stop_status
2022-12-23 20:11:37,798 DEBUG   SenderThread:26444 [sender.py:send_request():316] send_request: stop_status
2022-12-23 20:11:52,915 DEBUG   HandlerThread:26444 [handler.py:handle_request():141] handle_request: stop_status
2022-12-23 20:11:52,915 DEBUG   SenderThread:26444 [sender.py:send_request():316] send_request: stop_status
2022-12-23 20:12:06,769 DEBUG   SenderThread:26444 [sender.py:send():302] send: stats
2022-12-23 20:12:08,029 DEBUG   HandlerThread:26444 [handler.py:handle_request():141] handle_request: stop_status
2022-12-23 20:12:08,030 DEBUG   SenderThread:26444 [sender.py:send_request():316] send_request: stop_status
2022-12-23 20:12:23,139 DEBUG   HandlerThread:26444 [handler.py:handle_request():141] handle_request: stop_status
2022-12-23 20:12:23,139 DEBUG   SenderThread:26444 [sender.py:send_request():316] send_request: stop_status
2022-12-23 20:12:37,600 DEBUG   SenderThread:26444 [sender.py:send():302] send: stats
2022-12-23 20:12:38,274 DEBUG   HandlerThread:26444 [handler.py:handle_request():141] handle_request: stop_status
2022-12-23 20:12:38,275 DEBUG   SenderThread:26444 [sender.py:send_request():316] send_request: stop_status
2022-12-23 20:12:53,448 DEBUG   HandlerThread:26444 [handler.py:handle_request():141] handle_request: stop_status
2022-12-23 20:12:53,449 DEBUG   SenderThread:26444 [sender.py:send_request():316] send_request: stop_status
2022-12-23 20:13:08,426 DEBUG   SenderThread:26444 [sender.py:send():302] send: stats
2022-12-23 20:13:08,741 DEBUG   HandlerThread:26444 [handler.py:handle_request():141] handle_request: stop_status
2022-12-23 20:13:08,741 DEBUG   SenderThread:26444 [sender.py:send_request():316] send_request: stop_status
2022-12-23 20:13:23,874 DEBUG   HandlerThread:26444 [handler.py:handle_request():141] handle_request: stop_status
2022-12-23 20:13:23,876 DEBUG   SenderThread:26444 [sender.py:send_request():316] send_request: stop_status
2022-12-23 20:13:39,027 DEBUG   HandlerThread:26444 [handler.py:handle_request():141] handle_request: stop_status
2022-12-23 20:13:39,028 DEBUG   SenderThread:26444 [sender.py:send_request():316] send_request: stop_status
2022-12-23 20:13:39,138 DEBUG   SenderThread:26444 [sender.py:send():302] send: stats
2022-12-23 20:13:54,142 DEBUG   HandlerThread:26444 [handler.py:handle_request():141] handle_request: stop_status
2022-12-23 20:13:54,143 DEBUG   SenderThread:26444 [sender.py:send_request():316] send_request: stop_status
2022-12-23 20:14:09,252 DEBUG   HandlerThread:26444 [handler.py:handle_request():141] handle_request: stop_status
2022-12-23 20:14:09,254 DEBUG   SenderThread:26444 [sender.py:send_request():316] send_request: stop_status
2022-12-23 20:14:09,968 DEBUG   SenderThread:26444 [sender.py:send():302] send: stats
2022-12-23 20:14:24,384 DEBUG   HandlerThread:26444 [handler.py:handle_request():141] handle_request: stop_status
2022-12-23 20:14:24,385 DEBUG   SenderThread:26444 [sender.py:send_request():316] send_request: stop_status
2022-12-24 00:14:25,357 DEBUG   HandlerThread:26444 [handler.py:handle_request():141] handle_request: stop_status
2022-12-24 00:14:25,363 DEBUG   SenderThread:26444 [sender.py:send_request():316] send_request: stop_status
2022-12-24 00:14:25,854 WARNING FileStreamThread:26444 [file_stream.py:request_with_retry():666] requests_with_retry encountered retryable exception: ('Connection aborted.', RemoteDisconnected('Remote end closed connection without response')). func: <bound method Session.post of <requests.sessions.Session object at 0x11349ab00>>, args: ('https://api.wandb.ai/files/anony-mouse-453312/spotifai-spotifai_server/2oyzreei/file_stream',), kwargs: {'json': {'complete': False, 'failed': False, 'dropped': 0, 'uploaded': []}}
2022-12-24 02:14:34,813 DEBUG   HandlerThread:26444 [handler.py:handle_request():141] handle_request: stop_status
2022-12-24 02:14:34,816 DEBUG   SenderThread:26444 [sender.py:send_request():316] send_request: stop_status
2022-12-24 02:14:39,003 DEBUG   SenderThread:26444 [sender.py:send():302] send: stats
2022-12-24 02:14:39,076 WARNING FileStreamThread:26444 [file_stream.py:request_with_retry():666] requests_with_retry encountered retryable exception: ('Connection aborted.', RemoteDisconnected('Remote end closed connection without response')). func: <bound method Session.post of <requests.sessions.Session object at 0x11349ab00>>, args: ('https://api.wandb.ai/files/anony-mouse-453312/spotifai-spotifai_server/2oyzreei/file_stream',), kwargs: {'json': {'files': {'wandb-events.jsonl': {'offset': 72, 'content': ['{"system.cpu": 29.09, "system.memory": 63.92, "system.disk": 21.88, "system.proc.memory.availableMB": 2955.21, "system.proc.memory.rssMB": 34.19, "system.proc.memory.percent": 0.42, "system.proc.cpu.threads": 35.0, "system.network.sent": 5147648, "system.network.recv": 144746496, "_wandb": true, "_timestamp": 1671876878.998292, "_runtime": 23855.073851}']}}, 'dropped': 0}}
2022-12-24 06:14:53,807 DEBUG   HandlerThread:26444 [handler.py:handle_request():141] handle_request: stop_status
2022-12-24 06:14:53,812 DEBUG   SenderThread:26444 [sender.py:send_request():316] send_request: stop_status
2022-12-24 08:15:08,903 DEBUG   HandlerThread:26444 [handler.py:handle_request():141] handle_request: stop_status
2022-12-24 08:15:08,906 DEBUG   SenderThread:26444 [sender.py:send_request():316] send_request: stop_status
2022-12-24 08:15:12,576 WARNING FileStreamThread:26444 [file_stream.py:request_with_retry():666] requests_with_retry encountered retryable exception: ('Connection aborted.', RemoteDisconnected('Remote end closed connection without response')). func: <bound method Session.post of <requests.sessions.Session object at 0x11349ab00>>, args: ('https://api.wandb.ai/files/anony-mouse-453312/spotifai-spotifai_server/2oyzreei/file_stream',), kwargs: {'json': {'complete': False, 'failed': False, 'dropped': 0, 'uploaded': []}}
2022-12-24 12:17:45,849 DEBUG   HandlerThread:26444 [handler.py:handle_request():141] handle_request: stop_status
2022-12-24 12:17:45,852 DEBUG   SenderThread:26444 [sender.py:send_request():316] send_request: stop_status
2022-12-24 12:17:47,943 DEBUG   SenderThread:26444 [sender.py:send():302] send: stats
2022-12-24 12:17:47,971 WARNING FileStreamThread:26444 [file_stream.py:request_with_retry():666] requests_with_retry encountered retryable exception: ('Connection aborted.', RemoteDisconnected('Remote end closed connection without response')). func: <bound method Session.post of <requests.sessions.Session object at 0x11349ab00>>, args: ('https://api.wandb.ai/files/anony-mouse-453312/spotifai-spotifai_server/2oyzreei/file_stream',), kwargs: {'json': {'files': {'wandb-events.jsonl': {'offset': 73, 'content': ['{"system.cpu": 50.53, "system.memory": 34.54, "system.disk": 22.9, "system.proc.memory.availableMB": 5363.05, "system.proc.memory.rssMB": 6.15, "system.proc.memory.percent": 0.08, "system.proc.cpu.threads": 35.0, "system.network.sent": 5477376, "system.network.recv": 147038208, "_wandb": true, "_timestamp": 1671913065.841153, "_runtime": 60041.916712}']}}, 'dropped': 0}}
2022-12-24 12:18:02,957 DEBUG   HandlerThread:26444 [handler.py:handle_request():141] handle_request: stop_status
2022-12-24 12:18:02,960 DEBUG   SenderThread:26444 [sender.py:send_request():316] send_request: stop_status
2022-12-24 19:59:24,055 DEBUG   HandlerThread:26444 [handler.py:handle_request():141] handle_request: stop_status
2022-12-24 19:59:24,055 DEBUG   SenderThread:26444 [sender.py:send_request():316] send_request: stop_status
2022-12-24 19:59:26,680 DEBUG   SenderThread:26444 [sender.py:send():302] send: stats
2022-12-24 19:59:26,784 WARNING FileStreamThread:26444 [file_stream.py:request_with_retry():666] requests_with_retry encountered retryable exception: ('Connection aborted.', RemoteDisconnected('Remote end closed connection without response')). func: <bound method Session.post of <requests.sessions.Session object at 0x11349ab00>>, args: ('https://api.wandb.ai/files/anony-mouse-453312/spotifai-spotifai_server/2oyzreei/file_stream',), kwargs: {'json': {'files': {'wandb-events.jsonl': {'offset': 74, 'content': ['{"system.cpu": 19.83, "system.memory": 36.07, "system.disk": 22.9, "system.proc.memory.availableMB": 5237.37, "system.proc.memory.rssMB": 6.37, "system.proc.memory.percent": 0.08, "system.proc.cpu.threads": 35.0, "system.network.sent": 5647360, "system.network.recv": 147757056, "_wandb": true, "_timestamp": 1671940766.60925, "_runtime": 87742.684809}']}}, 'dropped': 0}}
2022-12-28 14:48:07,850 DEBUG   HandlerThread:26444 [handler.py:handle_request():141] handle_request: stop_status
2022-12-28 14:48:07,880 DEBUG   SenderThread:26444 [sender.py:send_request():316] send_request: stop_status
2022-12-28 14:48:24,752 ERROR   SenderThread:26444 [retry.py:__call__():154] Retry attempt failed:
Traceback (most recent call last):
  File "/Library/Frameworks/Python.framework/Versions/3.10/lib/python3.10/site-packages/urllib3/connection.py", line 174, in _new_conn
    conn = connection.create_connection(
  File "/Library/Frameworks/Python.framework/Versions/3.10/lib/python3.10/site-packages/urllib3/util/connection.py", line 72, in create_connection
    for res in socket.getaddrinfo(host, port, family, socket.SOCK_STREAM):
  File "/Library/Frameworks/Python.framework/Versions/3.10/lib/python3.10/socket.py", line 955, in getaddrinfo
    for res in _socket.getaddrinfo(host, port, family, type, proto, flags):
socket.gaierror: [Errno 8] nodename nor servname provided, or not known

During handling of the above exception, another exception occurred:

Traceback (most recent call last):
  File "/Library/Frameworks/Python.framework/Versions/3.10/lib/python3.10/site-packages/urllib3/connectionpool.py", line 703, in urlopen
    httplib_response = self._make_request(
  File "/Library/Frameworks/Python.framework/Versions/3.10/lib/python3.10/site-packages/urllib3/connectionpool.py", line 386, in _make_request
    self._validate_conn(conn)
  File "/Library/Frameworks/Python.framework/Versions/3.10/lib/python3.10/site-packages/urllib3/connectionpool.py", line 1042, in _validate_conn
    conn.connect()
  File "/Library/Frameworks/Python.framework/Versions/3.10/lib/python3.10/site-packages/urllib3/connection.py", line 358, in connect
    self.sock = conn = self._new_conn()
  File "/Library/Frameworks/Python.framework/Versions/3.10/lib/python3.10/site-packages/urllib3/connection.py", line 186, in _new_conn
    raise NewConnectionError(
urllib3.exceptions.NewConnectionError: <urllib3.connection.HTTPSConnection object at 0x113d4acb0>: Failed to establish a new connection: [Errno 8] nodename nor servname provided, or not known

During handling of the above exception, another exception occurred:

Traceback (most recent call last):
  File "/Library/Frameworks/Python.framework/Versions/3.10/lib/python3.10/site-packages/requests/adapters.py", line 489, in send
    resp = conn.urlopen(
  File "/Library/Frameworks/Python.framework/Versions/3.10/lib/python3.10/site-packages/urllib3/connectionpool.py", line 787, in urlopen
    retries = retries.increment(
  File "/Library/Frameworks/Python.framework/Versions/3.10/lib/python3.10/site-packages/urllib3/util/retry.py", line 592, in increment
    raise MaxRetryError(_pool, url, error or ResponseError(cause))
urllib3.exceptions.MaxRetryError: HTTPSConnectionPool(host='api.wandb.ai', port=443): Max retries exceeded with url: /graphql (Caused by NewConnectionError('<urllib3.connection.HTTPSConnection object at 0x113d4acb0>: Failed to establish a new connection: [Errno 8] nodename nor servname provided, or not known'))

During handling of the above exception, another exception occurred:

Traceback (most recent call last):
  File "/Library/Frameworks/Python.framework/Versions/3.10/lib/python3.10/site-packages/wandb/sdk/lib/retry.py", line 113, in __call__
    result = self._call_fn(*args, **kwargs)
  File "/Library/Frameworks/Python.framework/Versions/3.10/lib/python3.10/site-packages/wandb/sdk/internal/internal_api.py", line 204, in execute
    return self.client.execute(*args, **kwargs)  # type: ignore
  File "/Library/Frameworks/Python.framework/Versions/3.10/lib/python3.10/site-packages/wandb/vendor/gql-0.2.0/wandb_gql/client.py", line 52, in execute
    result = self._get_result(document, *args, **kwargs)
  File "/Library/Frameworks/Python.framework/Versions/3.10/lib/python3.10/site-packages/wandb/vendor/gql-0.2.0/wandb_gql/client.py", line 60, in _get_result
    return self.transport.execute(document, *args, **kwargs)
  File "/Library/Frameworks/Python.framework/Versions/3.10/lib/python3.10/site-packages/wandb/vendor/gql-0.2.0/wandb_gql/transport/requests.py", line 38, in execute
    request = requests.post(self.url, **post_args)
  File "/Library/Frameworks/Python.framework/Versions/3.10/lib/python3.10/site-packages/requests/api.py", line 115, in post
    return request("post", url, data=data, json=json, **kwargs)
  File "/Library/Frameworks/Python.framework/Versions/3.10/lib/python3.10/site-packages/requests/api.py", line 59, in request
    return session.request(method=method, url=url, **kwargs)
  File "/Library/Frameworks/Python.framework/Versions/3.10/lib/python3.10/site-packages/requests/sessions.py", line 587, in request
    resp = self.send(prep, **send_kwargs)
  File "/Library/Frameworks/Python.framework/Versions/3.10/lib/python3.10/site-packages/requests/sessions.py", line 701, in send
    r = adapter.send(request, **kwargs)
  File "/Library/Frameworks/Python.framework/Versions/3.10/lib/python3.10/site-packages/requests/adapters.py", line 565, in send
    raise ConnectionError(e, request=request)
requests.exceptions.ConnectionError: HTTPSConnectionPool(host='api.wandb.ai', port=443): Max retries exceeded with url: /graphql (Caused by NewConnectionError('<urllib3.connection.HTTPSConnection object at 0x113d4acb0>: Failed to establish a new connection: [Errno 8] nodename nor servname provided, or not known'))
2022-12-28 14:48:27,805 DEBUG   HandlerThread:26444 [handler.py:handle_request():141] handle_request: stop_status
2022-12-28 14:48:54,189 DEBUG   HandlerThread:26444 [handler.py:handle_request():141] handle_request: stop_status
2022-12-28 14:48:56,678 DEBUG   SenderThread:26444 [sender.py:send_request():316] send_request: stop_status
2022-12-28 14:48:57,146 DEBUG   SenderThread:26444 [sender.py:send():302] send: stats
2022-12-28 14:48:57,151 DEBUG   SenderThread:26444 [sender.py:send_request():316] send_request: stop_status
2022-12-28 14:49:05,303 DEBUG   SenderThread:26444 [sender.py:send():302] send: stats
2022-12-28 14:49:07,846 DEBUG   HandlerThread:26444 [handler.py:handle_request():141] handle_request: stop_status
2022-12-28 14:49:07,847 DEBUG   SenderThread:26444 [sender.py:send_request():316] send_request: stop_status
2022-12-28 14:49:23,501 DEBUG   HandlerThread:26444 [handler.py:handle_request():141] handle_request: stop_status
2022-12-28 14:49:23,502 DEBUG   SenderThread:26444 [sender.py:send_request():316] send_request: stop_status
2022-12-28 14:49:38,388 DEBUG   SenderThread:26444 [sender.py:send():302] send: stats
2022-12-28 14:49:39,468 DEBUG   HandlerThread:26444 [handler.py:handle_request():141] handle_request: stop_status
2022-12-28 14:49:39,469 DEBUG   SenderThread:26444 [sender.py:send_request():316] send_request: stop_status
2022-12-28 14:49:54,711 DEBUG   HandlerThread:26444 [handler.py:handle_request():141] handle_request: stop_status
2022-12-28 14:49:54,711 DEBUG   SenderThread:26444 [sender.py:send_request():316] send_request: stop_status
2022-12-28 14:50:09,858 DEBUG   HandlerThread:26444 [handler.py:handle_request():141] handle_request: stop_status
2022-12-28 14:50:09,858 DEBUG   SenderThread:26444 [sender.py:send_request():316] send_request: stop_status
2022-12-28 14:50:09,969 WARNING FileStreamThread:26444 [file_stream.py:request_with_retry():666] requests_with_retry encountered retryable exception: ('Connection aborted.', RemoteDisconnected('Remote end closed connection without response')). func: <bound method Session.post of <requests.sessions.Session object at 0x11349ab00>>, args: ('https://api.wandb.ai/files/anony-mouse-453312/spotifai-spotifai_server/2oyzreei/file_stream',), kwargs: {'json': {'complete': False, 'failed': False, 'dropped': 0, 'uploaded': []}}
2022-12-28 14:50:09,991 DEBUG   SenderThread:26444 [sender.py:send():302] send: stats
2022-12-28 14:50:25,263 DEBUG   HandlerThread:26444 [handler.py:handle_request():141] handle_request: stop_status
2022-12-28 14:50:25,263 DEBUG   SenderThread:26444 [sender.py:send_request():316] send_request: stop_status
2022-12-28 14:50:40,427 DEBUG   HandlerThread:26444 [handler.py:handle_request():141] handle_request: stop_status
2022-12-28 14:50:40,428 DEBUG   SenderThread:26444 [sender.py:send_request():316] send_request: stop_status
2022-12-28 14:50:42,918 DEBUG   SenderThread:26444 [sender.py:send():302] send: stats
2022-12-28 14:50:55,566 DEBUG   HandlerThread:26444 [handler.py:handle_request():141] handle_request: stop_status
2022-12-28 14:50:55,566 DEBUG   SenderThread:26444 [sender.py:send_request():316] send_request: stop_status
2022-12-28 14:51:12,077 DEBUG   HandlerThread:26444 [handler.py:handle_request():141] handle_request: stop_status
2022-12-28 14:51:12,078 DEBUG   SenderThread:26444 [sender.py:send_request():316] send_request: stop_status
2022-12-28 14:51:15,836 DEBUG   SenderThread:26444 [sender.py:send():302] send: stats
2022-12-28 14:51:29,075 DEBUG   HandlerThread:26444 [handler.py:handle_request():141] handle_request: stop_status
2022-12-28 14:51:29,076 DEBUG   SenderThread:26444 [sender.py:send_request():316] send_request: stop_status
2022-12-28 14:51:44,333 DEBUG   HandlerThread:26444 [handler.py:handle_request():141] handle_request: stop_status
2022-12-28 14:51:44,334 DEBUG   SenderThread:26444 [sender.py:send_request():316] send_request: stop_status
2022-12-28 14:51:47,121 DEBUG   SenderThread:26444 [sender.py:send():302] send: stats
2022-12-28 14:51:59,485 DEBUG   HandlerThread:26444 [handler.py:handle_request():141] handle_request: stop_status
2022-12-28 14:51:59,486 DEBUG   SenderThread:26444 [sender.py:send_request():316] send_request: stop_status
2022-12-28 14:52:14,635 DEBUG   HandlerThread:26444 [handler.py:handle_request():141] handle_request: stop_status
2022-12-28 14:52:14,636 DEBUG   SenderThread:26444 [sender.py:send_request():316] send_request: stop_status
2022-12-28 14:52:20,046 DEBUG   SenderThread:26444 [sender.py:send():302] send: stats
2022-12-28 14:52:29,804 DEBUG   HandlerThread:26444 [handler.py:handle_request():141] handle_request: stop_status
2022-12-28 14:52:29,805 DEBUG   SenderThread:26444 [sender.py:send_request():316] send_request: stop_status
2022-12-28 14:52:44,958 DEBUG   HandlerThread:26444 [handler.py:handle_request():141] handle_request: stop_status
2022-12-28 14:52:44,958 DEBUG   SenderThread:26444 [sender.py:send_request():316] send_request: stop_status
2022-12-28 14:52:51,543 DEBUG   SenderThread:26444 [sender.py:send():302] send: stats
2022-12-28 14:53:00,101 DEBUG   HandlerThread:26444 [handler.py:handle_request():141] handle_request: stop_status
2022-12-28 14:53:00,101 DEBUG   SenderThread:26444 [sender.py:send_request():316] send_request: stop_status
2022-12-28 14:53:15,647 DEBUG   HandlerThread:26444 [handler.py:handle_request():141] handle_request: stop_status
2022-12-28 14:53:15,649 DEBUG   SenderThread:26444 [sender.py:send_request():316] send_request: stop_status
2022-12-28 14:53:24,288 DEBUG   SenderThread:26444 [sender.py:send():302] send: stats
2022-12-28 14:53:30,921 DEBUG   HandlerThread:26444 [handler.py:handle_request():141] handle_request: stop_status
2022-12-28 14:53:30,921 DEBUG   SenderThread:26444 [sender.py:send_request():316] send_request: stop_status
2022-12-28 14:53:46,068 DEBUG   HandlerThread:26444 [handler.py:handle_request():141] handle_request: stop_status
2022-12-28 14:53:46,068 DEBUG   SenderThread:26444 [sender.py:send_request():316] send_request: stop_status
2022-12-28 14:53:55,691 DEBUG   SenderThread:26444 [sender.py:send():302] send: stats
2022-12-28 14:54:01,206 DEBUG   HandlerThread:26444 [handler.py:handle_request():141] handle_request: stop_status
2022-12-28 14:54:01,206 DEBUG   SenderThread:26444 [sender.py:send_request():316] send_request: stop_status
2022-12-28 14:54:16,682 DEBUG   HandlerThread:26444 [handler.py:handle_request():141] handle_request: stop_status
2022-12-28 14:54:16,683 DEBUG   SenderThread:26444 [sender.py:send_request():316] send_request: stop_status
2022-12-28 14:54:30,125 DEBUG   SenderThread:26444 [sender.py:send():302] send: stats
2022-12-28 14:54:32,102 DEBUG   HandlerThread:26444 [handler.py:handle_request():141] handle_request: stop_status
2022-12-28 14:54:32,103 DEBUG   SenderThread:26444 [sender.py:send_request():316] send_request: stop_status
2022-12-28 14:54:47,572 DEBUG   HandlerThread:26444 [handler.py:handle_request():141] handle_request: stop_status
2022-12-28 14:54:47,573 DEBUG   SenderThread:26444 [sender.py:send_request():316] send_request: stop_status
2022-12-28 14:55:01,337 DEBUG   SenderThread:26444 [sender.py:send():302] send: stats
2022-12-28 14:55:02,823 DEBUG   HandlerThread:26444 [handler.py:handle_request():141] handle_request: stop_status
2022-12-28 14:55:02,824 DEBUG   SenderThread:26444 [sender.py:send_request():316] send_request: stop_status
2022-12-28 14:55:17,962 DEBUG   HandlerThread:26444 [handler.py:handle_request():141] handle_request: stop_status
2022-12-28 14:55:17,963 DEBUG   SenderThread:26444 [sender.py:send_request():316] send_request: stop_status
2022-12-28 14:55:33,267 DEBUG   HandlerThread:26444 [handler.py:handle_request():141] handle_request: stop_status
2022-12-28 14:55:33,268 DEBUG   SenderThread:26444 [sender.py:send_request():316] send_request: stop_status
2022-12-28 14:55:34,272 DEBUG   SenderThread:26444 [sender.py:send():302] send: stats
2022-12-28 14:55:48,421 DEBUG   HandlerThread:26444 [handler.py:handle_request():141] handle_request: stop_status
2022-12-28 14:55:48,421 DEBUG   SenderThread:26444 [sender.py:send_request():316] send_request: stop_status
2022-12-28 14:56:03,600 DEBUG   HandlerThread:26444 [handler.py:handle_request():141] handle_request: stop_status
2022-12-28 14:56:03,600 DEBUG   SenderThread:26444 [sender.py:send_request():316] send_request: stop_status
2022-12-28 14:56:05,724 DEBUG   SenderThread:26444 [sender.py:send():302] send: stats
2022-12-28 14:56:18,747 DEBUG   HandlerThread:26444 [handler.py:handle_request():141] handle_request: stop_status
2022-12-28 14:56:18,748 DEBUG   SenderThread:26444 [sender.py:send_request():316] send_request: stop_status
2022-12-28 14:56:35,479 DEBUG   HandlerThread:26444 [handler.py:handle_request():141] handle_request: stop_status
2022-12-28 14:56:35,480 DEBUG   SenderThread:26444 [sender.py:send_request():316] send_request: stop_status
2022-12-28 14:56:38,677 DEBUG   SenderThread:26444 [sender.py:send():302] send: stats
2022-12-28 14:56:50,713 DEBUG   HandlerThread:26444 [handler.py:handle_request():141] handle_request: stop_status
2022-12-28 14:56:50,714 DEBUG   SenderThread:26444 [sender.py:send_request():316] send_request: stop_status
2022-12-28 14:57:05,872 DEBUG   HandlerThread:26444 [handler.py:handle_request():141] handle_request: stop_status
2022-12-28 14:57:05,872 DEBUG   SenderThread:26444 [sender.py:send_request():316] send_request: stop_status
2022-12-28 14:57:10,058 DEBUG   SenderThread:26444 [sender.py:send():302] send: stats
2022-12-28 14:57:20,783 DEBUG   HandlerThread:26444 [handler.py:handle_request():141] handle_request: stop_status
2022-12-28 14:57:20,784 DEBUG   SenderThread:26444 [sender.py:send_request():316] send_request: stop_status
2022-12-28 14:57:35,969 DEBUG   HandlerThread:26444 [handler.py:handle_request():141] handle_request: stop_status
2022-12-28 14:57:35,970 DEBUG   SenderThread:26444 [sender.py:send_request():316] send_request: stop_status
2022-12-28 14:57:42,558 DEBUG   SenderThread:26444 [sender.py:send():302] send: stats
2022-12-28 14:57:51,126 DEBUG   HandlerThread:26444 [handler.py:handle_request():141] handle_request: stop_status
2022-12-28 14:57:51,126 DEBUG   SenderThread:26444 [sender.py:send_request():316] send_request: stop_status
2022-12-28 14:58:07,404 DEBUG   HandlerThread:26444 [handler.py:handle_request():141] handle_request: stop_status
2022-12-28 14:58:07,406 DEBUG   SenderThread:26444 [sender.py:send_request():316] send_request: stop_status
2022-12-28 14:58:15,639 DEBUG   SenderThread:26444 [sender.py:send():302] send: stats
2022-12-28 14:58:24,545 DEBUG   HandlerThread:26444 [handler.py:handle_request():141] handle_request: stop_status
2022-12-28 14:58:24,546 DEBUG   SenderThread:26444 [sender.py:send_request():316] send_request: stop_status
2022-12-28 14:58:39,775 DEBUG   HandlerThread:26444 [handler.py:handle_request():141] handle_request: stop_status
2022-12-28 14:58:39,776 DEBUG   SenderThread:26444 [sender.py:send_request():316] send_request: stop_status
2022-12-28 14:58:47,015 DEBUG   SenderThread:26444 [sender.py:send():302] send: stats
2022-12-28 14:58:54,929 DEBUG   HandlerThread:26444 [handler.py:handle_request():141] handle_request: stop_status
2022-12-28 14:58:54,930 DEBUG   SenderThread:26444 [sender.py:send_request():316] send_request: stop_status
2022-12-28 14:59:09,967 DEBUG   HandlerThread:26444 [handler.py:handle_request():141] handle_request: stop_status
2022-12-28 14:59:09,967 DEBUG   SenderThread:26444 [sender.py:send_request():316] send_request: stop_status
2022-12-28 14:59:19,717 DEBUG   SenderThread:26444 [sender.py:send():302] send: stats
2022-12-28 14:59:26,841 DEBUG   HandlerThread:26444 [handler.py:handle_request():141] handle_request: stop_status
2022-12-28 14:59:26,841 DEBUG   SenderThread:26444 [sender.py:send_request():316] send_request: stop_status
2022-12-28 14:59:42,365 DEBUG   HandlerThread:26444 [handler.py:handle_request():141] handle_request: stop_status
2022-12-28 14:59:42,366 DEBUG   SenderThread:26444 [sender.py:send_request():316] send_request: stop_status
2022-12-28 14:59:52,551 DEBUG   SenderThread:26444 [sender.py:send():302] send: stats
2022-12-28 14:59:57,689 DEBUG   HandlerThread:26444 [handler.py:handle_request():141] handle_request: stop_status
2022-12-28 14:59:57,690 DEBUG   SenderThread:26444 [sender.py:send_request():316] send_request: stop_status
2022-12-28 15:00:12,915 DEBUG   HandlerThread:26444 [handler.py:handle_request():141] handle_request: stop_status
2022-12-28 15:00:12,916 DEBUG   SenderThread:26444 [sender.py:send_request():316] send_request: stop_status
2022-12-28 15:00:24,071 DEBUG   SenderThread:26444 [sender.py:send():302] send: stats
2022-12-28 15:00:28,065 DEBUG   HandlerThread:26444 [handler.py:handle_request():141] handle_request: stop_status
2022-12-28 15:00:28,066 DEBUG   SenderThread:26444 [sender.py:send_request():316] send_request: stop_status
2022-12-28 15:00:43,426 DEBUG   HandlerThread:26444 [handler.py:handle_request():141] handle_request: stop_status
2022-12-28 15:00:43,427 DEBUG   SenderThread:26444 [sender.py:send_request():316] send_request: stop_status
2022-12-28 15:00:56,863 DEBUG   SenderThread:26444 [sender.py:send():302] send: stats
2022-12-28 15:00:58,705 DEBUG   HandlerThread:26444 [handler.py:handle_request():141] handle_request: stop_status
2022-12-28 15:00:58,706 DEBUG   SenderThread:26444 [sender.py:send_request():316] send_request: stop_status
2022-12-28 15:01:13,874 DEBUG   HandlerThread:26444 [handler.py:handle_request():141] handle_request: stop_status
2022-12-28 15:01:13,874 DEBUG   SenderThread:26444 [sender.py:send_request():316] send_request: stop_status
2022-12-28 15:01:29,195 DEBUG   HandlerThread:26444 [handler.py:handle_request():141] handle_request: stop_status
2022-12-28 15:01:29,196 DEBUG   SenderThread:26444 [sender.py:send_request():316] send_request: stop_status
2022-12-28 15:01:31,188 DEBUG   SenderThread:26444 [sender.py:send():302] send: stats
2022-12-28 15:01:45,945 DEBUG   HandlerThread:26444 [handler.py:handle_request():141] handle_request: stop_status
2022-12-28 15:01:45,947 DEBUG   SenderThread:26444 [sender.py:send_request():316] send_request: stop_status
2022-12-28 15:02:00,962 DEBUG   SenderThread:26444 [sender.py:send():302] send: stats
2022-12-28 15:02:01,188 DEBUG   HandlerThread:26444 [handler.py:handle_request():141] handle_request: stop_status
2022-12-28 15:02:01,188 DEBUG   SenderThread:26444 [sender.py:send_request():316] send_request: stop_status
2022-12-28 15:02:16,361 DEBUG   HandlerThread:26444 [handler.py:handle_request():141] handle_request: stop_status
2022-12-28 15:02:16,361 DEBUG   SenderThread:26444 [sender.py:send_request():316] send_request: stop_status
2022-12-28 15:02:31,567 DEBUG   HandlerThread:26444 [handler.py:handle_request():141] handle_request: stop_status
2022-12-28 15:02:31,568 DEBUG   SenderThread:26444 [sender.py:send_request():316] send_request: stop_status
2022-12-28 15:02:34,038 DEBUG   SenderThread:26444 [sender.py:send():302] send: stats
2022-12-28 15:02:46,778 DEBUG   HandlerThread:26444 [handler.py:handle_request():141] handle_request: stop_status
2022-12-28 15:02:46,778 DEBUG   SenderThread:26444 [sender.py:send_request():316] send_request: stop_status
2022-12-28 15:03:01,952 DEBUG   HandlerThread:26444 [handler.py:handle_request():141] handle_request: stop_status
2022-12-28 15:03:01,952 DEBUG   SenderThread:26444 [sender.py:send_request():316] send_request: stop_status
2022-12-28 15:03:05,666 DEBUG   SenderThread:26444 [sender.py:send():302] send: stats
2022-12-28 15:03:18,012 DEBUG   HandlerThread:26444 [handler.py:handle_request():141] handle_request: stop_status
2022-12-28 15:03:18,015 DEBUG   SenderThread:26444 [sender.py:send_request():316] send_request: stop_status
2022-12-28 15:03:35,160 DEBUG   HandlerThread:26444 [handler.py:handle_request():141] handle_request: stop_status
2022-12-28 15:03:35,161 DEBUG   SenderThread:26444 [sender.py:send_request():316] send_request: stop_status
2022-12-28 15:03:39,047 DEBUG   SenderThread:26444 [sender.py:send():302] send: stats
2022-12-28 15:03:50,416 DEBUG   HandlerThread:26444 [handler.py:handle_request():141] handle_request: stop_status
2022-12-28 15:03:50,417 DEBUG   SenderThread:26444 [sender.py:send_request():316] send_request: stop_status
2022-12-28 15:04:05,608 DEBUG   HandlerThread:26444 [handler.py:handle_request():141] handle_request: stop_status
2022-12-28 15:04:05,608 DEBUG   SenderThread:26444 [sender.py:send_request():316] send_request: stop_status
2022-12-28 15:04:12,296 DEBUG   SenderThread:26444 [sender.py:send():302] send: stats
2022-12-28 15:04:22,008 DEBUG   HandlerThread:26444 [handler.py:handle_request():141] handle_request: stop_status
2022-12-28 15:04:22,010 DEBUG   SenderThread:26444 [sender.py:send_request():316] send_request: stop_status
2022-12-28 15:04:37,578 DEBUG   HandlerThread:26444 [handler.py:handle_request():141] handle_request: stop_status
2022-12-28 15:04:37,578 DEBUG   SenderThread:26444 [sender.py:send_request():316] send_request: stop_status
2022-12-28 15:04:45,345 DEBUG   SenderThread:26444 [sender.py:send():302] send: stats
2022-12-28 15:04:53,313 DEBUG   HandlerThread:26444 [handler.py:handle_request():141] handle_request: stop_status
2022-12-28 15:04:53,315 DEBUG   SenderThread:26444 [sender.py:send_request():316] send_request: stop_status
2022-12-28 15:05:08,617 DEBUG   HandlerThread:26444 [handler.py:handle_request():141] handle_request: stop_status
2022-12-28 15:05:08,618 DEBUG   SenderThread:26444 [sender.py:send_request():316] send_request: stop_status
2022-12-28 15:05:16,866 DEBUG   SenderThread:26444 [sender.py:send():302] send: stats
2022-12-28 15:05:23,791 DEBUG   HandlerThread:26444 [handler.py:handle_request():141] handle_request: stop_status
2022-12-28 15:05:23,791 DEBUG   SenderThread:26444 [sender.py:send_request():316] send_request: stop_status
2022-12-28 15:05:38,968 DEBUG   HandlerThread:26444 [handler.py:handle_request():141] handle_request: stop_status
2022-12-28 15:05:38,971 DEBUG   SenderThread:26444 [sender.py:send_request():316] send_request: stop_status
2022-12-28 15:05:49,948 DEBUG   SenderThread:26444 [sender.py:send():302] send: stats
2022-12-28 15:05:54,358 DEBUG   HandlerThread:26444 [handler.py:handle_request():141] handle_request: stop_status
2022-12-28 15:05:54,359 DEBUG   SenderThread:26444 [sender.py:send_request():316] send_request: stop_status
2022-12-28 15:06:09,599 DEBUG   HandlerThread:26444 [handler.py:handle_request():141] handle_request: stop_status
2022-12-28 15:06:09,599 DEBUG   SenderThread:26444 [sender.py:send_request():316] send_request: stop_status
2022-12-28 15:06:21,794 DEBUG   SenderThread:26444 [sender.py:send():302] send: stats
2022-12-28 15:06:24,773 DEBUG   HandlerThread:26444 [handler.py:handle_request():141] handle_request: stop_status
2022-12-28 15:06:24,773 DEBUG   SenderThread:26444 [sender.py:send_request():316] send_request: stop_status
2022-12-28 15:06:39,951 DEBUG   HandlerThread:26444 [handler.py:handle_request():141] handle_request: stop_status
2022-12-28 15:06:39,952 DEBUG   SenderThread:26444 [sender.py:send_request():316] send_request: stop_status
2022-12-28 15:06:55,030 DEBUG   SenderThread:26444 [sender.py:send():302] send: stats
2022-12-28 15:06:55,487 DEBUG   HandlerThread:26444 [handler.py:handle_request():141] handle_request: stop_status
2022-12-28 15:06:55,488 DEBUG   SenderThread:26444 [sender.py:send_request():316] send_request: stop_status
2022-12-28 15:07:10,898 DEBUG   HandlerThread:26444 [handler.py:handle_request():141] handle_request: stop_status
2022-12-28 15:07:10,899 DEBUG   SenderThread:26444 [sender.py:send_request():316] send_request: stop_status
2022-12-28 15:07:27,026 DEBUG   HandlerThread:26444 [handler.py:handle_request():141] handle_request: stop_status
2022-12-28 15:07:27,027 DEBUG   SenderThread:26444 [sender.py:send_request():316] send_request: stop_status
2022-12-28 15:07:29,006 DEBUG   SenderThread:26444 [sender.py:send():302] send: stats
2022-12-28 15:07:44,150 DEBUG   HandlerThread:26444 [handler.py:handle_request():141] handle_request: stop_status
2022-12-28 15:07:44,151 DEBUG   SenderThread:26444 [sender.py:send_request():316] send_request: stop_status
2022-12-28 15:07:59,474 DEBUG   HandlerThread:26444 [handler.py:handle_request():141] handle_request: stop_status
2022-12-28 15:07:59,476 DEBUG   SenderThread:26444 [sender.py:send_request():316] send_request: stop_status
2022-12-28 15:07:59,909 DEBUG   SenderThread:26444 [sender.py:send():302] send: stats
2022-12-28 15:08:14,830 DEBUG   HandlerThread:26444 [handler.py:handle_request():141] handle_request: stop_status
2022-12-28 15:08:14,837 DEBUG   SenderThread:26444 [sender.py:send_request():316] send_request: stop_status
2022-12-28 15:08:30,243 DEBUG   HandlerThread:26444 [handler.py:handle_request():141] handle_request: stop_status
2022-12-28 15:08:30,245 DEBUG   SenderThread:26444 [sender.py:send_request():316] send_request: stop_status
2022-12-28 15:08:50,258 DEBUG   HandlerThread:26444 [handler.py:handle_request():141] handle_request: stop_status
2022-12-28 15:09:11,044 DEBUG   HandlerThread:26444 [handler.py:handle_request():141] handle_request: stop_status
2022-12-28 15:09:31,055 DEBUG   HandlerThread:26444 [handler.py:handle_request():141] handle_request: stop_status
2022-12-28 15:09:51,074 DEBUG   HandlerThread:26444 [handler.py:handle_request():141] handle_request: stop_status
2022-12-28 15:10:11,087 DEBUG   HandlerThread:26444 [handler.py:handle_request():141] handle_request: stop_status
2022-12-28 15:10:31,099 DEBUG   HandlerThread:26444 [handler.py:handle_request():141] handle_request: stop_status
2022-12-28 15:10:48,384 DEBUG   SenderThread:26444 [sender.py:send():302] send: stats
2022-12-28 15:10:48,391 DEBUG   SenderThread:26444 [sender.py:send_request():316] send_request: stop_status
2022-12-28 15:10:49,934 DEBUG   SenderThread:26444 [sender.py:send():302] send: stats
2022-12-28 15:10:49,937 DEBUG   SenderThread:26444 [sender.py:send_request():316] send_request: stop_status
2022-12-28 15:10:50,612 DEBUG   SenderThread:26444 [sender.py:send_request():316] send_request: stop_status
2022-12-28 15:10:51,103 DEBUG   SenderThread:26444 [sender.py:send():302] send: stats
2022-12-28 15:10:51,112 DEBUG   SenderThread:26444 [sender.py:send_request():316] send_request: stop_status
2022-12-28 15:10:51,117 DEBUG   HandlerThread:26444 [handler.py:handle_request():141] handle_request: stop_status
2022-12-28 15:10:51,601 DEBUG   SenderThread:26444 [sender.py:send():302] send: stats
2022-12-28 15:10:51,607 DEBUG   SenderThread:26444 [sender.py:send_request():316] send_request: stop_status
2022-12-28 15:10:52,035 DEBUG   SenderThread:26444 [sender.py:send_request():316] send_request: stop_status
2022-12-28 15:10:52,605 DEBUG   SenderThread:26444 [sender.py:send():302] send: stats
2022-12-28 15:10:52,607 DEBUG   SenderThread:26444 [sender.py:send_request():316] send_request: stop_status
2022-12-28 15:11:08,290 DEBUG   HandlerThread:26444 [handler.py:handle_request():141] handle_request: stop_status
2022-12-28 15:11:08,293 DEBUG   SenderThread:26444 [sender.py:send_request():316] send_request: stop_status
2022-12-28 15:11:11,400 DEBUG   SenderThread:26444 [sender.py:send():302] send: stats
2022-12-28 15:11:23,827 DEBUG   HandlerThread:26444 [handler.py:handle_request():141] handle_request: stop_status
2022-12-28 15:11:23,829 DEBUG   SenderThread:26444 [sender.py:send_request():316] send_request: stop_status
2022-12-28 15:11:39,167 DEBUG   HandlerThread:26444 [handler.py:handle_request():141] handle_request: stop_status
2022-12-28 15:11:39,169 DEBUG   SenderThread:26444 [sender.py:send_request():316] send_request: stop_status
2022-12-28 15:11:42,706 DEBUG   SenderThread:26444 [sender.py:send():302] send: stats
2022-12-28 15:11:55,041 DEBUG   HandlerThread:26444 [handler.py:handle_request():141] handle_request: stop_status
2022-12-28 15:11:55,043 DEBUG   SenderThread:26444 [sender.py:send_request():316] send_request: stop_status
2022-12-28 15:12:10,673 DEBUG   HandlerThread:26444 [handler.py:handle_request():141] handle_request: stop_status
2022-12-28 15:12:10,675 DEBUG   SenderThread:26444 [sender.py:send_request():316] send_request: stop_status
2022-12-28 15:12:16,032 DEBUG   SenderThread:26444 [sender.py:send():302] send: stats
2022-12-28 15:12:26,142 DEBUG   HandlerThread:26444 [handler.py:handle_request():141] handle_request: stop_status
2022-12-28 15:12:26,143 DEBUG   SenderThread:26444 [sender.py:send_request():316] send_request: stop_status
2022-12-28 15:12:41,492 DEBUG   HandlerThread:26444 [handler.py:handle_request():141] handle_request: stop_status
2022-12-28 15:12:41,493 DEBUG   SenderThread:26444 [sender.py:send_request():316] send_request: stop_status
2022-12-28 15:12:50,127 DEBUG   SenderThread:26444 [sender.py:send():302] send: stats
2022-12-28 15:12:57,590 DEBUG   HandlerThread:26444 [handler.py:handle_request():141] handle_request: stop_status
2022-12-28 15:12:57,592 DEBUG   SenderThread:26444 [sender.py:send_request():316] send_request: stop_status
2022-12-28 15:13:13,080 DEBUG   HandlerThread:26444 [handler.py:handle_request():141] handle_request: stop_status
2022-12-28 15:13:13,082 DEBUG   SenderThread:26444 [sender.py:send_request():316] send_request: stop_status
2022-12-28 15:13:22,023 DEBUG   SenderThread:26444 [sender.py:send():302] send: stats
2022-12-28 15:13:28,484 DEBUG   HandlerThread:26444 [handler.py:handle_request():141] handle_request: stop_status
2022-12-28 15:13:28,485 DEBUG   SenderThread:26444 [sender.py:send_request():316] send_request: stop_status
2022-12-28 15:13:43,900 DEBUG   HandlerThread:26444 [handler.py:handle_request():141] handle_request: stop_status
2022-12-28 15:13:43,902 DEBUG   SenderThread:26444 [sender.py:send_request():316] send_request: stop_status
2022-12-28 15:13:55,548 DEBUG   SenderThread:26444 [sender.py:send():302] send: stats
2022-12-28 15:14:01,881 DEBUG   HandlerThread:26444 [handler.py:handle_request():141] handle_request: stop_status
2022-12-28 15:14:01,882 DEBUG   SenderThread:26444 [sender.py:send_request():316] send_request: stop_status
2022-12-28 15:14:18,273 DEBUG   HandlerThread:26444 [handler.py:handle_request():141] handle_request: stop_status
2022-12-28 15:14:18,274 DEBUG   SenderThread:26444 [sender.py:send_request():316] send_request: stop_status
2022-12-28 15:14:28,829 DEBUG   SenderThread:26444 [sender.py:send():302] send: stats
2022-12-28 15:14:37,531 DEBUG   HandlerThread:26444 [handler.py:handle_request():141] handle_request: stop_status
2022-12-28 15:14:37,532 DEBUG   SenderThread:26444 [sender.py:send_request():316] send_request: stop_status
2022-12-28 15:14:53,013 DEBUG   HandlerThread:26444 [handler.py:handle_request():141] handle_request: stop_status
2022-12-28 15:14:53,015 DEBUG   SenderThread:26444 [sender.py:send_request():316] send_request: stop_status
2022-12-28 15:15:00,039 DEBUG   SenderThread:26444 [sender.py:send():302] send: stats
2022-12-28 15:15:08,509 DEBUG   HandlerThread:26444 [handler.py:handle_request():141] handle_request: stop_status
2022-12-28 15:15:08,511 DEBUG   SenderThread:26444 [sender.py:send_request():316] send_request: stop_status
2022-12-28 15:15:28,520 DEBUG   HandlerThread:26444 [handler.py:handle_request():141] handle_request: stop_status
2022-12-28 15:15:33,645 DEBUG   SenderThread:26444 [sender.py:send_request():316] send_request: stop_status
2022-12-28 15:15:34,357 DEBUG   SenderThread:26444 [sender.py:send():302] send: stats
2022-12-28 15:15:48,566 DEBUG   HandlerThread:26444 [handler.py:handle_request():141] handle_request: stop_status
2022-12-28 15:15:48,568 DEBUG   SenderThread:26444 [sender.py:send_request():316] send_request: stop_status
2022-12-28 15:16:03,926 DEBUG   HandlerThread:26444 [handler.py:handle_request():141] handle_request: stop_status
2022-12-28 15:16:03,927 DEBUG   SenderThread:26444 [sender.py:send_request():316] send_request: stop_status
2022-12-28 15:16:04,584 DEBUG   SenderThread:26444 [sender.py:send():302] send: stats
2022-12-28 15:16:19,262 DEBUG   HandlerThread:26444 [handler.py:handle_request():141] handle_request: stop_status
2022-12-28 15:16:19,264 DEBUG   SenderThread:26444 [sender.py:send_request():316] send_request: stop_status
2022-12-28 15:16:34,884 DEBUG   HandlerThread:26444 [handler.py:handle_request():141] handle_request: stop_status
2022-12-28 15:16:34,886 DEBUG   SenderThread:26444 [sender.py:send_request():316] send_request: stop_status
2022-12-28 15:16:37,730 DEBUG   SenderThread:26444 [sender.py:send():302] send: stats
2022-12-28 15:16:51,263 DEBUG   HandlerThread:26444 [handler.py:handle_request():141] handle_request: stop_status
2022-12-28 15:16:51,265 DEBUG   SenderThread:26444 [sender.py:send_request():316] send_request: stop_status
2022-12-28 15:17:06,605 DEBUG   HandlerThread:26444 [handler.py:handle_request():141] handle_request: stop_status
2022-12-28 15:17:06,607 DEBUG   SenderThread:26444 [sender.py:send_request():316] send_request: stop_status
2022-12-28 15:17:08,614 DEBUG   SenderThread:26444 [sender.py:send():302] send: stats
2022-12-28 15:17:22,006 DEBUG   HandlerThread:26444 [handler.py:handle_request():141] handle_request: stop_status
2022-12-28 15:17:22,008 DEBUG   SenderThread:26444 [sender.py:send_request():316] send_request: stop_status
2022-12-28 15:17:37,697 DEBUG   HandlerThread:26444 [handler.py:handle_request():141] handle_request: stop_status
2022-12-28 15:17:37,700 DEBUG   SenderThread:26444 [sender.py:send_request():316] send_request: stop_status
2022-12-28 15:17:39,611 DEBUG   SenderThread:26444 [sender.py:send():302] send: stats
2022-12-28 15:17:53,152 DEBUG   HandlerThread:26444 [handler.py:handle_request():141] handle_request: stop_status
2022-12-28 15:17:53,154 DEBUG   SenderThread:26444 [sender.py:send_request():316] send_request: stop_status
2022-12-28 15:18:39,135 DEBUG   HandlerThread:26444 [handler.py:handle_request():141] handle_request: stop_status
2022-12-28 15:18:39,169 DEBUG   SenderThread:26444 [sender.py:send_request():316] send_request: stop_status
2022-12-28 15:18:43,320 WARNING FileStreamThread:26444 [file_stream.py:request_with_retry():666] requests_with_retry encountered retryable exception: ('Connection aborted.', RemoteDisconnected('Remote end closed connection without response')). func: <bound method Session.post of <requests.sessions.Session object at 0x11349ab00>>, args: ('https://api.wandb.ai/files/anony-mouse-453312/spotifai-spotifai_server/2oyzreei/file_stream',), kwargs: {'json': {'files': {'wandb-events.jsonl': {'offset': 129, 'content': ['{"system.cpu": 47.17, "system.memory": 52.72, "system.disk": 22.5, "system.proc.memory.availableMB": 3871.6, "system.proc.memory.rssMB": 7.31, "system.proc.memory.percent": 0.09, "system.proc.cpu.threads": 35.0, "system.network.sent": 8033280, "system.network.recv": 153342976, "_wandb": true, "_timestamp": 1672269459.606852, "_runtime": 416435.682411}']}}, 'dropped': 0}}
2022-12-28 15:18:45,598 DEBUG   SenderThread:26444 [sender.py:send():302] send: stats
2022-12-28 15:18:57,869 DEBUG   HandlerThread:26444 [handler.py:handle_request():141] handle_request: stop_status
2022-12-28 15:18:57,869 DEBUG   SenderThread:26444 [sender.py:send_request():316] send_request: stop_status
2022-12-28 15:19:13,216 DEBUG   HandlerThread:26444 [handler.py:handle_request():141] handle_request: stop_status
2022-12-28 15:19:13,217 DEBUG   SenderThread:26444 [sender.py:send_request():316] send_request: stop_status
2022-12-28 15:19:15,967 DEBUG   SenderThread:26444 [sender.py:send():302] send: stats
2022-12-28 15:19:28,368 DEBUG   HandlerThread:26444 [handler.py:handle_request():141] handle_request: stop_status
2022-12-28 15:19:28,369 DEBUG   SenderThread:26444 [sender.py:send_request():316] send_request: stop_status
2022-12-28 15:19:43,516 DEBUG   HandlerThread:26444 [handler.py:handle_request():141] handle_request: stop_status
2022-12-28 15:19:43,516 DEBUG   SenderThread:26444 [sender.py:send_request():316] send_request: stop_status
2022-12-28 15:19:47,673 DEBUG   SenderThread:26444 [sender.py:send():302] send: stats
2022-12-28 15:19:58,666 DEBUG   HandlerThread:26444 [handler.py:handle_request():141] handle_request: stop_status
2022-12-28 15:19:58,667 DEBUG   SenderThread:26444 [sender.py:send_request():316] send_request: stop_status
2022-12-28 15:20:13,820 DEBUG   HandlerThread:26444 [handler.py:handle_request():141] handle_request: stop_status
2022-12-28 15:20:13,820 DEBUG   SenderThread:26444 [sender.py:send_request():316] send_request: stop_status
2022-12-28 15:20:18,833 DEBUG   SenderThread:26444 [sender.py:send():302] send: stats
2022-12-28 15:20:23,542 WARNING StreamThr :26444 [internal.py:is_dead():387] Internal process exiting, parent pid 26437 disappeared
2022-12-28 15:20:23,543 ERROR   StreamThr :26444 [internal.py:wandb_internal():149] Internal process shutdown.
2022-12-28 15:20:23,851 INFO    WriterThread:26444 [datastore.py:close():279] close: /Users/harrisonsu/Desktop/projects/spotifai/client/spotifai/spotifai/server/wandb/run-20221223_193703-2oyzreei/run-2oyzreei.wandb
2022-12-28 15:20:24,060 INFO    HandlerThread:26444 [handler.py:finish():810] shutting down handler
2022-12-28 15:20:24,063 INFO    SenderThread:26444 [sender.py:finish():1312] shutting down sender
2022-12-28 15:20:25,690 INFO    MainThread:26444 [internal.py:handle_exit():80] Internal process exited
